2023-11-21 20:27:14,077 INFO    StreamThr :1436 [internal.py:wandb_internal():86] W&B internal server running at pid: 1436, started at: 2023-11-21 20:27:14.076138
2023-11-21 20:27:14,079 DEBUG   HandlerThread:1436 [handler.py:handle_request():146] handle_request: status
2023-11-21 20:27:14,085 INFO    WriterThread:1436 [datastore.py:open_for_write():85] open: C:\Users\theho\git_AI_Application_Practice\07.Olympic\wandb\run-20231121_202714-3ys4f4pa\run-3ys4f4pa.wandb
2023-11-21 20:27:14,086 DEBUG   SenderThread:1436 [sender.py:send():380] send: header
2023-11-21 20:27:14,406 DEBUG   SenderThread:1436 [sender.py:send():380] send: run
2023-11-21 20:27:15,560 INFO    SenderThread:1436 [dir_watcher.py:__init__():211] watching files in: C:\Users\theho\git_AI_Application_Practice\07.Olympic\wandb\run-20231121_202714-3ys4f4pa\files
2023-11-21 20:27:15,561 INFO    SenderThread:1436 [sender.py:_start_run_threads():1124] run started: 3ys4f4pa with start time 1700566034.078138
2023-11-21 20:27:15,586 DEBUG   HandlerThread:1436 [handler.py:handle_request():146] handle_request: check_version
2023-11-21 20:27:15,586 DEBUG   SenderThread:1436 [sender.py:send_request():407] send_request: check_version
2023-11-21 20:27:16,364 DEBUG   HandlerThread:1436 [handler.py:handle_request():146] handle_request: run_start
2023-11-21 20:27:16,387 DEBUG   HandlerThread:1436 [system_info.py:__init__():32] System info init
2023-11-21 20:27:16,387 DEBUG   HandlerThread:1436 [system_info.py:__init__():47] System info init done
2023-11-21 20:27:16,387 INFO    HandlerThread:1436 [system_monitor.py:start():194] Starting system monitor
2023-11-21 20:27:16,387 INFO    SystemMonitor:1436 [system_monitor.py:_start():158] Starting system asset monitoring threads
2023-11-21 20:27:16,387 INFO    HandlerThread:1436 [system_monitor.py:probe():214] Collecting system info
2023-11-21 20:27:16,393 INFO    SystemMonitor:1436 [interfaces.py:start():190] Started cpu monitoring
2023-11-21 20:27:16,398 DEBUG   HandlerThread:1436 [system_info.py:probe():196] Probing system
2023-11-21 20:27:16,398 INFO    SystemMonitor:1436 [interfaces.py:start():190] Started disk monitoring
2023-11-21 20:27:16,409 INFO    SystemMonitor:1436 [interfaces.py:start():190] Started memory monitoring
2023-11-21 20:27:16,427 INFO    SystemMonitor:1436 [interfaces.py:start():190] Started network monitoring
2023-11-21 20:27:16,430 DEBUG   HandlerThread:1436 [system_info.py:_probe_git():181] Probing git
2023-11-21 20:27:16,612 DEBUG   HandlerThread:1436 [system_info.py:_probe_git():189] Probing git done
2023-11-21 20:27:16,612 DEBUG   HandlerThread:1436 [system_info.py:probe():244] Probing system done
2023-11-21 20:27:16,612 DEBUG   HandlerThread:1436 [system_monitor.py:probe():223] {'os': 'Windows-10-10.0.19045-SP0', 'python': '3.10.13', 'heartbeatAt': '2023-11-21T11:27:16.398222', 'startedAt': '2023-11-21T11:27:14.063135', 'docker': None, 'cuda': None, 'args': (), 'state': 'running', 'program': 'C:\\Users\\theho\\git_AI_Application_Practice\\07.Olympic\\f_ppo_train.py', 'codePathLocal': 'f_ppo_train.py', 'codePath': '07.Olympic\\f_ppo_train.py', 'git': {'remote': 'https://github.com/dmlcksghd/AI_Application_Practice.git', 'commit': '6fe514998d53ff1f5017fa68674c4330206feb37'}, 'email': 'dmlcksghd', 'root': 'C:/Users/theho/git_AI_Application_Practice', 'host': 'DESKTOP-6GREP35', 'username': 'theho', 'executable': 'C:\\Users\\theho\\anaconda3\\envs\\AI_Lecture\\python.exe', 'cpu_count': 6, 'cpu_count_logical': 12, 'cpu_freq': {'current': 3400.0, 'min': 0.0, 'max': 3400.0}, 'cpu_freq_per_core': [{'current': 3400.0, 'min': 0.0, 'max': 3400.0}], 'disk': {'/': {'total': 464.688663482666, 'used': 237.54015350341797}}, 'memory': {'total': 15.948715209960938}}
2023-11-21 20:27:16,612 INFO    HandlerThread:1436 [system_monitor.py:probe():224] Finished collecting system info
2023-11-21 20:27:16,612 INFO    HandlerThread:1436 [system_monitor.py:probe():227] Publishing system info
2023-11-21 20:27:16,612 DEBUG   HandlerThread:1436 [system_info.py:_save_pip():52] Saving list of pip packages installed into the current environment
2023-11-21 20:27:16,614 DEBUG   HandlerThread:1436 [system_info.py:_save_pip():68] Saving pip packages done
2023-11-21 20:27:16,614 DEBUG   HandlerThread:1436 [system_info.py:_save_conda():75] Saving list of conda packages installed into the current environment
2023-11-21 20:27:17,571 INFO    Thread-16 :1436 [dir_watcher.py:_on_file_created():271] file/dir created: C:\Users\theho\git_AI_Application_Practice\07.Olympic\wandb\run-20231121_202714-3ys4f4pa\files\requirements.txt
2023-11-21 20:27:17,572 INFO    Thread-16 :1436 [dir_watcher.py:_on_file_created():271] file/dir created: C:\Users\theho\git_AI_Application_Practice\07.Olympic\wandb\run-20231121_202714-3ys4f4pa\files\conda-environment.yaml
2023-11-21 20:27:25,077 DEBUG   HandlerThread:1436 [system_info.py:_save_conda():87] Saving conda packages done
2023-11-21 20:27:25,079 INFO    HandlerThread:1436 [system_monitor.py:probe():229] Finished publishing system info
2023-11-21 20:27:25,099 DEBUG   HandlerThread:1436 [handler.py:handle_request():146] handle_request: status_report
2023-11-21 20:27:25,099 DEBUG   HandlerThread:1436 [handler.py:handle_request():146] handle_request: keepalive
2023-11-21 20:27:25,100 DEBUG   HandlerThread:1436 [handler.py:handle_request():146] handle_request: status_report
2023-11-21 20:27:25,100 DEBUG   SenderThread:1436 [sender.py:send():380] send: files
2023-11-21 20:27:25,100 INFO    SenderThread:1436 [sender.py:_save_file():1380] saving file wandb-metadata.json with policy now
2023-11-21 20:27:25,113 DEBUG   HandlerThread:1436 [handler.py:handle_request():146] handle_request: stop_status
2023-11-21 20:27:25,114 DEBUG   HandlerThread:1436 [handler.py:handle_request():146] handle_request: internal_messages
2023-11-21 20:27:25,114 DEBUG   SenderThread:1436 [sender.py:send_request():407] send_request: stop_status
2023-11-21 20:27:25,614 INFO    Thread-16 :1436 [dir_watcher.py:_on_file_modified():288] file/dir modified: C:\Users\theho\git_AI_Application_Practice\07.Olympic\wandb\run-20231121_202714-3ys4f4pa\files\conda-environment.yaml
2023-11-21 20:27:25,615 INFO    Thread-16 :1436 [dir_watcher.py:_on_file_created():271] file/dir created: C:\Users\theho\git_AI_Application_Practice\07.Olympic\wandb\run-20231121_202714-3ys4f4pa\files\wandb-metadata.json
2023-11-21 20:27:26,104 DEBUG   SenderThread:1436 [sender.py:send():380] send: telemetry
2023-11-21 20:27:26,654 INFO    wandb-upload_0:1436 [upload_job.py:push():131] Uploaded file C:\Users\theho\AppData\Local\Temp\tmpn10awxd5wandb\mt0pojj2-wandb-metadata.json
2023-11-21 20:27:30,129 DEBUG   HandlerThread:1436 [handler.py:handle_request():146] handle_request: status_report
2023-11-21 20:27:35,155 DEBUG   HandlerThread:1436 [handler.py:handle_request():146] handle_request: status_report
2023-11-21 20:27:40,119 DEBUG   HandlerThread:1436 [handler.py:handle_request():146] handle_request: stop_status
2023-11-21 20:27:40,120 DEBUG   SenderThread:1436 [sender.py:send_request():407] send_request: stop_status
2023-11-21 20:27:40,123 DEBUG   HandlerThread:1436 [handler.py:handle_request():146] handle_request: internal_messages
2023-11-21 20:27:40,370 DEBUG   HandlerThread:1436 [handler.py:handle_request():146] handle_request: status_report
2023-11-21 20:27:45,415 DEBUG   HandlerThread:1436 [handler.py:handle_request():146] handle_request: status_report
2023-11-21 20:27:45,818 INFO    Thread-16 :1436 [dir_watcher.py:_on_file_modified():288] file/dir modified: C:\Users\theho\git_AI_Application_Practice\07.Olympic\wandb\run-20231121_202714-3ys4f4pa\files\config.yaml
2023-11-21 20:27:50,692 DEBUG   HandlerThread:1436 [handler.py:handle_request():146] handle_request: status_report
2023-11-21 20:27:55,105 DEBUG   HandlerThread:1436 [handler.py:handle_request():146] handle_request: stop_status
2023-11-21 20:27:55,106 DEBUG   SenderThread:1436 [sender.py:send_request():407] send_request: stop_status
2023-11-21 20:27:55,124 DEBUG   HandlerThread:1436 [handler.py:handle_request():146] handle_request: internal_messages
2023-11-21 20:27:56,339 DEBUG   HandlerThread:1436 [handler.py:handle_request():146] handle_request: status_report
2023-11-21 20:28:01,377 DEBUG   HandlerThread:1436 [handler.py:handle_request():146] handle_request: status_report
2023-11-21 20:28:06,413 DEBUG   HandlerThread:1436 [handler.py:handle_request():146] handle_request: status_report
2023-11-21 20:28:10,111 DEBUG   HandlerThread:1436 [handler.py:handle_request():146] handle_request: stop_status
2023-11-21 20:28:10,112 DEBUG   SenderThread:1436 [sender.py:send_request():407] send_request: stop_status
2023-11-21 20:28:10,127 DEBUG   HandlerThread:1436 [handler.py:handle_request():146] handle_request: internal_messages
2023-11-21 20:28:12,383 DEBUG   HandlerThread:1436 [handler.py:handle_request():146] handle_request: status_report
2023-11-21 20:28:16,431 DEBUG   SystemMonitor:1436 [system_monitor.py:_start():172] Starting system metrics aggregation loop
2023-11-21 20:28:16,432 DEBUG   SenderThread:1436 [sender.py:send():380] send: stats
2023-11-21 20:28:17,439 DEBUG   HandlerThread:1436 [handler.py:handle_request():146] handle_request: status_report
2023-11-21 20:28:22,471 DEBUG   HandlerThread:1436 [handler.py:handle_request():146] handle_request: status_report
2023-11-21 20:28:25,123 DEBUG   HandlerThread:1436 [handler.py:handle_request():146] handle_request: stop_status
2023-11-21 20:28:25,123 DEBUG   SenderThread:1436 [sender.py:send_request():407] send_request: stop_status
2023-11-21 20:28:25,143 DEBUG   HandlerThread:1436 [handler.py:handle_request():146] handle_request: internal_messages
2023-11-21 20:28:28,429 DEBUG   HandlerThread:1436 [handler.py:handle_request():146] handle_request: status_report
2023-11-21 20:28:31,237 INFO    Thread-16 :1436 [dir_watcher.py:_on_file_created():271] file/dir created: C:\Users\theho\git_AI_Application_Practice\07.Olympic\wandb\run-20231121_202714-3ys4f4pa\files\output.log
2023-11-21 20:28:33,247 INFO    Thread-16 :1436 [dir_watcher.py:_on_file_modified():288] file/dir modified: C:\Users\theho\git_AI_Application_Practice\07.Olympic\wandb\run-20231121_202714-3ys4f4pa\files\output.log
2023-11-21 20:28:33,681 DEBUG   HandlerThread:1436 [handler.py:handle_request():146] handle_request: status_report
2023-11-21 20:28:38,715 DEBUG   HandlerThread:1436 [handler.py:handle_request():146] handle_request: status_report
2023-11-21 20:28:40,116 DEBUG   HandlerThread:1436 [handler.py:handle_request():146] handle_request: stop_status
2023-11-21 20:28:40,117 DEBUG   SenderThread:1436 [sender.py:send_request():407] send_request: stop_status
2023-11-21 20:28:40,146 DEBUG   HandlerThread:1436 [handler.py:handle_request():146] handle_request: internal_messages
2023-11-21 20:28:44,395 DEBUG   HandlerThread:1436 [handler.py:handle_request():146] handle_request: status_report
2023-11-21 20:28:46,441 DEBUG   SenderThread:1436 [sender.py:send():380] send: stats
2023-11-21 20:28:49,478 DEBUG   HandlerThread:1436 [handler.py:handle_request():146] handle_request: status_report
2023-11-21 20:28:54,509 DEBUG   HandlerThread:1436 [handler.py:handle_request():146] handle_request: status_report
2023-11-21 20:28:55,109 DEBUG   HandlerThread:1436 [handler.py:handle_request():146] handle_request: stop_status
2023-11-21 20:28:55,110 DEBUG   SenderThread:1436 [sender.py:send_request():407] send_request: stop_status
2023-11-21 20:28:55,148 DEBUG   HandlerThread:1436 [handler.py:handle_request():146] handle_request: internal_messages
2023-11-21 20:29:00,428 DEBUG   HandlerThread:1436 [handler.py:handle_request():146] handle_request: status_report
2023-11-21 20:29:05,460 DEBUG   HandlerThread:1436 [handler.py:handle_request():146] handle_request: status_report
2023-11-21 20:29:10,107 DEBUG   HandlerThread:1436 [handler.py:handle_request():146] handle_request: stop_status
2023-11-21 20:29:10,108 DEBUG   SenderThread:1436 [sender.py:send_request():407] send_request: stop_status
2023-11-21 20:29:10,135 DEBUG   HandlerThread:1436 [handler.py:handle_request():146] handle_request: internal_messages
2023-11-21 20:29:11,413 DEBUG   HandlerThread:1436 [handler.py:handle_request():146] handle_request: status_report
2023-11-21 20:29:16,439 DEBUG   HandlerThread:1436 [handler.py:handle_request():146] handle_request: status_report
2023-11-21 20:29:16,454 DEBUG   SenderThread:1436 [sender.py:send():380] send: stats
2023-11-21 20:29:21,480 DEBUG   HandlerThread:1436 [handler.py:handle_request():146] handle_request: status_report
2023-11-21 20:29:25,108 DEBUG   HandlerThread:1436 [handler.py:handle_request():146] handle_request: stop_status
2023-11-21 20:29:25,109 DEBUG   SenderThread:1436 [sender.py:send_request():407] send_request: stop_status
2023-11-21 20:29:25,137 DEBUG   HandlerThread:1436 [handler.py:handle_request():146] handle_request: internal_messages
2023-11-21 20:29:27,392 DEBUG   HandlerThread:1436 [handler.py:handle_request():146] handle_request: status_report
2023-11-21 20:29:32,568 DEBUG   HandlerThread:1436 [handler.py:handle_request():146] handle_request: status_report
2023-11-21 20:29:37,597 DEBUG   HandlerThread:1436 [handler.py:handle_request():146] handle_request: status_report
2023-11-21 20:29:40,136 DEBUG   HandlerThread:1436 [handler.py:handle_request():146] handle_request: stop_status
2023-11-21 20:29:40,137 DEBUG   SenderThread:1436 [sender.py:send_request():407] send_request: stop_status
2023-11-21 20:29:40,139 DEBUG   HandlerThread:1436 [handler.py:handle_request():146] handle_request: internal_messages
2023-11-21 20:29:43,371 DEBUG   HandlerThread:1436 [handler.py:handle_request():146] handle_request: status_report
2023-11-21 20:29:46,464 DEBUG   SenderThread:1436 [sender.py:send():380] send: stats
2023-11-21 20:29:48,480 DEBUG   HandlerThread:1436 [handler.py:handle_request():146] handle_request: status_report
2023-11-21 20:29:53,529 DEBUG   HandlerThread:1436 [handler.py:handle_request():146] handle_request: status_report
2023-11-21 20:29:55,140 DEBUG   HandlerThread:1436 [handler.py:handle_request():146] handle_request: stop_status
2023-11-21 20:29:55,141 DEBUG   SenderThread:1436 [sender.py:send_request():407] send_request: stop_status
2023-11-21 20:29:55,144 DEBUG   HandlerThread:1436 [handler.py:handle_request():146] handle_request: internal_messages
2023-11-21 20:29:59,431 DEBUG   HandlerThread:1436 [handler.py:handle_request():146] handle_request: status_report
2023-11-21 20:30:04,462 DEBUG   HandlerThread:1436 [handler.py:handle_request():146] handle_request: status_report
2023-11-21 20:30:09,503 DEBUG   HandlerThread:1436 [handler.py:handle_request():146] handle_request: status_report
2023-11-21 20:30:10,138 DEBUG   HandlerThread:1436 [handler.py:handle_request():146] handle_request: stop_status
2023-11-21 20:30:10,138 DEBUG   SenderThread:1436 [sender.py:send_request():407] send_request: stop_status
2023-11-21 20:30:10,147 DEBUG   HandlerThread:1436 [handler.py:handle_request():146] handle_request: internal_messages
2023-11-21 20:30:15,398 DEBUG   HandlerThread:1436 [handler.py:handle_request():146] handle_request: status_report
2023-11-21 20:30:16,480 DEBUG   SenderThread:1436 [sender.py:send():380] send: stats
2023-11-21 20:30:20,500 DEBUG   HandlerThread:1436 [handler.py:handle_request():146] handle_request: status_report
2023-11-21 20:30:22,459 DEBUG   HandlerThread:1436 [handler.py:handle_request():146] handle_request: partial_history
2023-11-21 20:30:22,461 DEBUG   SenderThread:1436 [sender.py:send():380] send: history
2023-11-21 20:30:22,462 DEBUG   SenderThread:1436 [sender.py:send_request():407] send_request: summary_record
2023-11-21 20:30:22,464 INFO    SenderThread:1436 [sender.py:_save_file():1380] saving file wandb-summary.json with policy end
2023-11-21 20:30:23,082 INFO    Thread-16 :1436 [dir_watcher.py:_on_file_created():271] file/dir created: C:\Users\theho\git_AI_Application_Practice\07.Olympic\wandb\run-20231121_202714-3ys4f4pa\files\wandb-summary.json
2023-11-21 20:30:24,090 INFO    Thread-16 :1436 [dir_watcher.py:_on_file_modified():288] file/dir modified: C:\Users\theho\git_AI_Application_Practice\07.Olympic\wandb\run-20231121_202714-3ys4f4pa\files\output.log
2023-11-21 20:30:25,143 DEBUG   HandlerThread:1436 [handler.py:handle_request():146] handle_request: stop_status
2023-11-21 20:30:25,144 DEBUG   SenderThread:1436 [sender.py:send_request():407] send_request: stop_status
2023-11-21 20:30:25,150 DEBUG   HandlerThread:1436 [handler.py:handle_request():146] handle_request: internal_messages
2023-11-21 20:30:26,371 DEBUG   HandlerThread:1436 [handler.py:handle_request():146] handle_request: status_report
2023-11-21 20:30:31,415 DEBUG   HandlerThread:1436 [handler.py:handle_request():146] handle_request: status_report
2023-11-21 20:30:36,441 DEBUG   HandlerThread:1436 [handler.py:handle_request():146] handle_request: status_report
2023-11-21 20:30:40,137 DEBUG   HandlerThread:1436 [handler.py:handle_request():146] handle_request: internal_messages
2023-11-21 20:30:40,150 DEBUG   HandlerThread:1436 [handler.py:handle_request():146] handle_request: stop_status
2023-11-21 20:30:40,151 DEBUG   SenderThread:1436 [sender.py:send_request():407] send_request: stop_status
2023-11-21 20:30:42,394 DEBUG   HandlerThread:1436 [handler.py:handle_request():146] handle_request: status_report
2023-11-21 20:30:46,496 DEBUG   SenderThread:1436 [sender.py:send():380] send: stats
2023-11-21 20:30:47,508 DEBUG   HandlerThread:1436 [handler.py:handle_request():146] handle_request: status_report
2023-11-21 20:30:52,553 DEBUG   HandlerThread:1436 [handler.py:handle_request():146] handle_request: status_report
2023-11-21 20:30:55,140 DEBUG   HandlerThread:1436 [handler.py:handle_request():146] handle_request: internal_messages
2023-11-21 20:30:55,145 DEBUG   HandlerThread:1436 [handler.py:handle_request():146] handle_request: stop_status
2023-11-21 20:30:55,145 DEBUG   SenderThread:1436 [sender.py:send_request():407] send_request: stop_status
2023-11-21 20:30:58,458 DEBUG   HandlerThread:1436 [handler.py:handle_request():146] handle_request: status_report
2023-11-21 20:31:03,494 DEBUG   HandlerThread:1436 [handler.py:handle_request():146] handle_request: status_report
2023-11-21 20:31:08,525 DEBUG   HandlerThread:1436 [handler.py:handle_request():146] handle_request: status_report
2023-11-21 20:31:10,155 DEBUG   HandlerThread:1436 [handler.py:handle_request():146] handle_request: internal_messages
2023-11-21 20:31:10,155 DEBUG   HandlerThread:1436 [handler.py:handle_request():146] handle_request: stop_status
2023-11-21 20:31:10,156 DEBUG   SenderThread:1436 [sender.py:send_request():407] send_request: stop_status
2023-11-21 20:31:14,452 DEBUG   HandlerThread:1436 [handler.py:handle_request():146] handle_request: status_report
2023-11-21 20:31:16,508 DEBUG   SenderThread:1436 [sender.py:send():380] send: stats
2023-11-21 20:31:19,523 DEBUG   HandlerThread:1436 [handler.py:handle_request():146] handle_request: status_report
2023-11-21 20:31:24,550 DEBUG   HandlerThread:1436 [handler.py:handle_request():146] handle_request: status_report
2023-11-21 20:31:25,140 DEBUG   HandlerThread:1436 [handler.py:handle_request():146] handle_request: stop_status
2023-11-21 20:31:25,140 DEBUG   SenderThread:1436 [sender.py:send_request():407] send_request: stop_status
2023-11-21 20:31:25,153 DEBUG   HandlerThread:1436 [handler.py:handle_request():146] handle_request: internal_messages
2023-11-21 20:31:30,371 DEBUG   HandlerThread:1436 [handler.py:handle_request():146] handle_request: status_report
2023-11-21 20:31:35,400 DEBUG   HandlerThread:1436 [handler.py:handle_request():146] handle_request: status_report
2023-11-21 20:31:40,142 DEBUG   HandlerThread:1436 [handler.py:handle_request():146] handle_request: internal_messages
2023-11-21 20:31:40,146 DEBUG   HandlerThread:1436 [handler.py:handle_request():146] handle_request: stop_status
2023-11-21 20:31:40,147 DEBUG   SenderThread:1436 [sender.py:send_request():407] send_request: stop_status
2023-11-21 20:31:40,473 DEBUG   HandlerThread:1436 [handler.py:handle_request():146] handle_request: status_report
2023-11-21 20:31:45,505 DEBUG   HandlerThread:1436 [handler.py:handle_request():146] handle_request: status_report
2023-11-21 20:31:46,524 DEBUG   SenderThread:1436 [sender.py:send():380] send: stats
2023-11-21 20:31:50,553 DEBUG   HandlerThread:1436 [handler.py:handle_request():146] handle_request: status_report
2023-11-21 20:31:55,154 DEBUG   HandlerThread:1436 [handler.py:handle_request():146] handle_request: stop_status
2023-11-21 20:31:55,154 DEBUG   SenderThread:1436 [sender.py:send_request():407] send_request: stop_status
2023-11-21 20:31:55,157 DEBUG   HandlerThread:1436 [handler.py:handle_request():146] handle_request: internal_messages
2023-11-21 20:31:56,399 DEBUG   HandlerThread:1436 [handler.py:handle_request():146] handle_request: status_report
2023-11-21 20:32:01,439 DEBUG   HandlerThread:1436 [handler.py:handle_request():146] handle_request: status_report
2023-11-21 20:32:06,491 DEBUG   HandlerThread:1436 [handler.py:handle_request():146] handle_request: status_report
2023-11-21 20:32:10,154 DEBUG   HandlerThread:1436 [handler.py:handle_request():146] handle_request: internal_messages
2023-11-21 20:32:10,157 DEBUG   HandlerThread:1436 [handler.py:handle_request():146] handle_request: stop_status
2023-11-21 20:32:10,158 DEBUG   SenderThread:1436 [sender.py:send_request():407] send_request: stop_status
2023-11-21 20:32:12,374 DEBUG   HandlerThread:1436 [handler.py:handle_request():146] handle_request: status_report
2023-11-21 20:32:15,533 DEBUG   HandlerThread:1436 [handler.py:handle_request():146] handle_request: partial_history
2023-11-21 20:32:15,534 DEBUG   SenderThread:1436 [sender.py:send():380] send: history
2023-11-21 20:32:15,535 DEBUG   SenderThread:1436 [sender.py:send_request():407] send_request: summary_record
2023-11-21 20:32:15,536 INFO    SenderThread:1436 [sender.py:_save_file():1380] saving file wandb-summary.json with policy end
2023-11-21 20:32:15,924 INFO    Thread-16 :1436 [dir_watcher.py:_on_file_modified():288] file/dir modified: C:\Users\theho\git_AI_Application_Practice\07.Olympic\wandb\run-20231121_202714-3ys4f4pa\files\wandb-summary.json
2023-11-21 20:32:16,534 DEBUG   SenderThread:1436 [sender.py:send():380] send: stats
2023-11-21 20:32:16,932 INFO    Thread-16 :1436 [dir_watcher.py:_on_file_modified():288] file/dir modified: C:\Users\theho\git_AI_Application_Practice\07.Olympic\wandb\run-20231121_202714-3ys4f4pa\files\output.log
2023-11-21 20:32:17,537 DEBUG   HandlerThread:1436 [handler.py:handle_request():146] handle_request: status_report
2023-11-21 20:32:22,577 DEBUG   HandlerThread:1436 [handler.py:handle_request():146] handle_request: status_report
2023-11-21 20:32:25,144 DEBUG   HandlerThread:1436 [handler.py:handle_request():146] handle_request: internal_messages
2023-11-21 20:32:25,149 DEBUG   HandlerThread:1436 [handler.py:handle_request():146] handle_request: stop_status
2023-11-21 20:32:25,150 DEBUG   SenderThread:1436 [sender.py:send_request():407] send_request: stop_status
2023-11-21 20:32:28,449 DEBUG   HandlerThread:1436 [handler.py:handle_request():146] handle_request: status_report
2023-11-21 20:32:33,476 DEBUG   HandlerThread:1436 [handler.py:handle_request():146] handle_request: status_report
2023-11-21 20:32:38,510 DEBUG   HandlerThread:1436 [handler.py:handle_request():146] handle_request: status_report
2023-11-21 20:32:40,145 DEBUG   HandlerThread:1436 [handler.py:handle_request():146] handle_request: stop_status
2023-11-21 20:32:40,146 DEBUG   SenderThread:1436 [sender.py:send_request():407] send_request: stop_status
2023-11-21 20:32:40,149 DEBUG   HandlerThread:1436 [handler.py:handle_request():146] handle_request: internal_messages
2023-11-21 20:32:44,489 DEBUG   HandlerThread:1436 [handler.py:handle_request():146] handle_request: status_report
2023-11-21 20:32:46,538 DEBUG   SenderThread:1436 [sender.py:send():380] send: stats
2023-11-21 20:32:49,554 DEBUG   HandlerThread:1436 [handler.py:handle_request():146] handle_request: status_report
2023-11-21 20:32:54,588 DEBUG   HandlerThread:1436 [handler.py:handle_request():146] handle_request: status_report
2023-11-21 20:32:55,150 DEBUG   HandlerThread:1436 [handler.py:handle_request():146] handle_request: stop_status
2023-11-21 20:32:55,151 DEBUG   SenderThread:1436 [sender.py:send_request():407] send_request: stop_status
2023-11-21 20:32:55,153 DEBUG   HandlerThread:1436 [handler.py:handle_request():146] handle_request: internal_messages
2023-11-21 20:33:00,485 DEBUG   HandlerThread:1436 [handler.py:handle_request():146] handle_request: status_report
2023-11-21 20:33:05,511 DEBUG   HandlerThread:1436 [handler.py:handle_request():146] handle_request: status_report
2023-11-21 20:33:10,154 DEBUG   HandlerThread:1436 [handler.py:handle_request():146] handle_request: stop_status
2023-11-21 20:33:10,154 DEBUG   SenderThread:1436 [sender.py:send_request():407] send_request: stop_status
2023-11-21 20:33:10,157 DEBUG   HandlerThread:1436 [handler.py:handle_request():146] handle_request: internal_messages
2023-11-21 20:33:11,441 DEBUG   HandlerThread:1436 [handler.py:handle_request():146] handle_request: status_report
2023-11-21 20:33:16,466 DEBUG   HandlerThread:1436 [handler.py:handle_request():146] handle_request: status_report
2023-11-21 20:33:16,542 DEBUG   SenderThread:1436 [sender.py:send():380] send: stats
2023-11-21 20:33:21,571 DEBUG   HandlerThread:1436 [handler.py:handle_request():146] handle_request: status_report
2023-11-21 20:33:25,154 DEBUG   HandlerThread:1436 [handler.py:handle_request():146] handle_request: internal_messages
2023-11-21 20:33:25,160 DEBUG   HandlerThread:1436 [handler.py:handle_request():146] handle_request: stop_status
2023-11-21 20:33:25,160 DEBUG   SenderThread:1436 [sender.py:send_request():407] send_request: stop_status
2023-11-21 20:33:27,444 DEBUG   HandlerThread:1436 [handler.py:handle_request():146] handle_request: status_report
2023-11-21 20:33:32,489 DEBUG   HandlerThread:1436 [handler.py:handle_request():146] handle_request: status_report
2023-11-21 20:33:37,546 DEBUG   HandlerThread:1436 [handler.py:handle_request():146] handle_request: status_report
2023-11-21 20:33:40,168 DEBUG   HandlerThread:1436 [handler.py:handle_request():146] handle_request: internal_messages
2023-11-21 20:33:40,174 DEBUG   HandlerThread:1436 [handler.py:handle_request():146] handle_request: stop_status
2023-11-21 20:33:40,175 DEBUG   SenderThread:1436 [sender.py:send_request():407] send_request: stop_status
2023-11-21 20:33:43,486 DEBUG   HandlerThread:1436 [handler.py:handle_request():146] handle_request: status_report
2023-11-21 20:33:46,546 DEBUG   SenderThread:1436 [sender.py:send():380] send: stats
2023-11-21 20:33:48,559 DEBUG   HandlerThread:1436 [handler.py:handle_request():146] handle_request: status_report
2023-11-21 20:33:53,594 DEBUG   HandlerThread:1436 [handler.py:handle_request():146] handle_request: status_report
2023-11-21 20:33:55,180 DEBUG   HandlerThread:1436 [handler.py:handle_request():146] handle_request: stop_status
2023-11-21 20:33:55,181 DEBUG   SenderThread:1436 [sender.py:send_request():407] send_request: stop_status
2023-11-21 20:33:55,183 DEBUG   HandlerThread:1436 [handler.py:handle_request():146] handle_request: internal_messages
2023-11-21 20:33:59,529 DEBUG   HandlerThread:1436 [handler.py:handle_request():146] handle_request: status_report
2023-11-21 20:34:01,070 DEBUG   HandlerThread:1436 [handler.py:handle_request():146] handle_request: partial_history
2023-11-21 20:34:01,071 DEBUG   SenderThread:1436 [sender.py:send():380] send: history
2023-11-21 20:34:01,072 DEBUG   SenderThread:1436 [sender.py:send_request():407] send_request: summary_record
2023-11-21 20:34:01,073 INFO    SenderThread:1436 [sender.py:_save_file():1380] saving file wandb-summary.json with policy end
2023-11-21 20:34:01,075 INFO    Thread-16 :1436 [dir_watcher.py:_on_file_modified():288] file/dir modified: C:\Users\theho\git_AI_Application_Practice\07.Olympic\wandb\run-20231121_202714-3ys4f4pa\files\wandb-summary.json
2023-11-21 20:34:03,091 INFO    Thread-16 :1436 [dir_watcher.py:_on_file_modified():288] file/dir modified: C:\Users\theho\git_AI_Application_Practice\07.Olympic\wandb\run-20231121_202714-3ys4f4pa\files\output.log
2023-11-21 20:34:05,106 DEBUG   HandlerThread:1436 [handler.py:handle_request():146] handle_request: status_report
2023-11-21 20:34:10,144 DEBUG   HandlerThread:1436 [handler.py:handle_request():146] handle_request: status_report
2023-11-21 20:34:10,181 DEBUG   HandlerThread:1436 [handler.py:handle_request():146] handle_request: stop_status
2023-11-21 20:34:10,182 DEBUG   SenderThread:1436 [sender.py:send_request():407] send_request: stop_status
2023-11-21 20:34:10,187 DEBUG   HandlerThread:1436 [handler.py:handle_request():146] handle_request: internal_messages
2023-11-21 20:34:15,446 DEBUG   HandlerThread:1436 [handler.py:handle_request():146] handle_request: status_report
2023-11-21 20:34:16,563 DEBUG   SenderThread:1436 [sender.py:send():380] send: stats
2023-11-21 20:34:20,592 DEBUG   HandlerThread:1436 [handler.py:handle_request():146] handle_request: status_report
2023-11-21 20:34:25,188 DEBUG   HandlerThread:1436 [handler.py:handle_request():146] handle_request: stop_status
2023-11-21 20:34:25,189 DEBUG   SenderThread:1436 [sender.py:send_request():407] send_request: stop_status
2023-11-21 20:34:25,189 DEBUG   HandlerThread:1436 [handler.py:handle_request():146] handle_request: internal_messages
2023-11-21 20:34:26,433 DEBUG   HandlerThread:1436 [handler.py:handle_request():146] handle_request: status_report
2023-11-21 20:34:31,473 DEBUG   HandlerThread:1436 [handler.py:handle_request():146] handle_request: status_report
2023-11-21 20:34:36,512 DEBUG   HandlerThread:1436 [handler.py:handle_request():146] handle_request: status_report
2023-11-21 20:34:40,180 DEBUG   HandlerThread:1436 [handler.py:handle_request():146] handle_request: internal_messages
2023-11-21 20:34:40,180 DEBUG   HandlerThread:1436 [handler.py:handle_request():146] handle_request: stop_status
2023-11-21 20:34:40,181 DEBUG   SenderThread:1436 [sender.py:send_request():407] send_request: stop_status
2023-11-21 20:34:42,508 DEBUG   HandlerThread:1436 [handler.py:handle_request():146] handle_request: status_report
2023-11-21 20:34:46,578 DEBUG   SenderThread:1436 [sender.py:send():380] send: stats
2023-11-21 20:34:47,611 DEBUG   HandlerThread:1436 [handler.py:handle_request():146] handle_request: status_report
2023-11-21 20:34:52,618 DEBUG   HandlerThread:1436 [handler.py:handle_request():146] handle_request: status_report
2023-11-21 20:34:55,189 DEBUG   HandlerThread:1436 [handler.py:handle_request():146] handle_request: internal_messages
2023-11-21 20:34:55,190 DEBUG   HandlerThread:1436 [handler.py:handle_request():146] handle_request: stop_status
2023-11-21 20:34:55,191 DEBUG   SenderThread:1436 [sender.py:send_request():407] send_request: stop_status
2023-11-21 20:34:58,454 DEBUG   HandlerThread:1436 [handler.py:handle_request():146] handle_request: status_report
2023-11-21 20:35:03,482 DEBUG   HandlerThread:1436 [handler.py:handle_request():146] handle_request: status_report
2023-11-21 20:35:08,513 DEBUG   HandlerThread:1436 [handler.py:handle_request():146] handle_request: status_report
2023-11-21 20:35:10,206 DEBUG   HandlerThread:1436 [handler.py:handle_request():146] handle_request: stop_status
2023-11-21 20:35:10,207 DEBUG   SenderThread:1436 [sender.py:send_request():407] send_request: stop_status
2023-11-21 20:35:10,222 DEBUG   HandlerThread:1436 [handler.py:handle_request():146] handle_request: internal_messages
2023-11-21 20:35:14,439 DEBUG   HandlerThread:1436 [handler.py:handle_request():146] handle_request: status_report
2023-11-21 20:35:16,586 DEBUG   SenderThread:1436 [sender.py:send():380] send: stats
2023-11-21 20:35:19,601 DEBUG   HandlerThread:1436 [handler.py:handle_request():146] handle_request: status_report
2023-11-21 20:35:24,632 DEBUG   HandlerThread:1436 [handler.py:handle_request():146] handle_request: status_report
2023-11-21 20:35:25,200 DEBUG   HandlerThread:1436 [handler.py:handle_request():146] handle_request: stop_status
2023-11-21 20:35:25,201 DEBUG   SenderThread:1436 [sender.py:send_request():407] send_request: stop_status
2023-11-21 20:35:25,211 DEBUG   HandlerThread:1436 [handler.py:handle_request():146] handle_request: internal_messages
2023-11-21 20:35:30,491 DEBUG   HandlerThread:1436 [handler.py:handle_request():146] handle_request: status_report
2023-11-21 20:35:35,519 DEBUG   HandlerThread:1436 [handler.py:handle_request():146] handle_request: status_report
2023-11-21 20:35:40,198 DEBUG   HandlerThread:1436 [handler.py:handle_request():146] handle_request: internal_messages
2023-11-21 20:35:40,205 DEBUG   HandlerThread:1436 [handler.py:handle_request():146] handle_request: stop_status
2023-11-21 20:35:40,205 DEBUG   SenderThread:1436 [sender.py:send_request():407] send_request: stop_status
2023-11-21 20:35:41,516 DEBUG   HandlerThread:1436 [handler.py:handle_request():146] handle_request: status_report
2023-11-21 20:35:46,553 DEBUG   HandlerThread:1436 [handler.py:handle_request():146] handle_request: status_report
2023-11-21 20:35:46,599 DEBUG   SenderThread:1436 [sender.py:send():380] send: stats
2023-11-21 20:35:51,627 DEBUG   HandlerThread:1436 [handler.py:handle_request():146] handle_request: status_report
2023-11-21 20:35:55,210 DEBUG   HandlerThread:1436 [handler.py:handle_request():146] handle_request: internal_messages
2023-11-21 20:35:55,211 DEBUG   HandlerThread:1436 [handler.py:handle_request():146] handle_request: stop_status
2023-11-21 20:35:55,212 DEBUG   SenderThread:1436 [sender.py:send_request():407] send_request: stop_status
2023-11-21 20:35:57,523 DEBUG   HandlerThread:1436 [handler.py:handle_request():146] handle_request: status_report
2023-11-21 20:36:00,012 INFO    Thread-16 :1436 [dir_watcher.py:_on_file_modified():288] file/dir modified: C:\Users\theho\git_AI_Application_Practice\07.Olympic\wandb\run-20231121_202714-3ys4f4pa\files\output.log
2023-11-21 20:36:02,039 DEBUG   HandlerThread:1436 [handler.py:handle_request():146] handle_request: partial_history
2023-11-21 20:36:02,040 DEBUG   SenderThread:1436 [sender.py:send():380] send: history
2023-11-21 20:36:02,041 DEBUG   SenderThread:1436 [sender.py:send_request():407] send_request: summary_record
2023-11-21 20:36:02,043 INFO    SenderThread:1436 [sender.py:_save_file():1380] saving file wandb-summary.json with policy end
2023-11-21 20:36:03,052 DEBUG   HandlerThread:1436 [handler.py:handle_request():146] handle_request: status_report
2023-11-21 20:36:03,053 INFO    Thread-16 :1436 [dir_watcher.py:_on_file_modified():288] file/dir modified: C:\Users\theho\git_AI_Application_Practice\07.Olympic\wandb\run-20231121_202714-3ys4f4pa\files\wandb-summary.json
2023-11-21 20:36:08,126 DEBUG   HandlerThread:1436 [handler.py:handle_request():146] handle_request: status_report
2023-11-21 20:36:10,200 DEBUG   HandlerThread:1436 [handler.py:handle_request():146] handle_request: stop_status
2023-11-21 20:36:10,201 DEBUG   SenderThread:1436 [sender.py:send_request():407] send_request: stop_status
2023-11-21 20:36:10,213 DEBUG   HandlerThread:1436 [handler.py:handle_request():146] handle_request: internal_messages
2023-11-21 20:36:13,499 DEBUG   HandlerThread:1436 [handler.py:handle_request():146] handle_request: status_report
2023-11-21 20:36:16,618 DEBUG   SenderThread:1436 [sender.py:send():380] send: stats
2023-11-21 20:36:18,633 DEBUG   HandlerThread:1436 [handler.py:handle_request():146] handle_request: status_report
2023-11-21 20:36:23,701 DEBUG   HandlerThread:1436 [handler.py:handle_request():146] handle_request: status_report
2023-11-21 20:36:25,207 DEBUG   HandlerThread:1436 [handler.py:handle_request():146] handle_request: stop_status
2023-11-21 20:36:25,207 DEBUG   SenderThread:1436 [sender.py:send_request():407] send_request: stop_status
2023-11-21 20:36:25,215 DEBUG   HandlerThread:1436 [handler.py:handle_request():146] handle_request: internal_messages
2023-11-21 20:36:29,499 DEBUG   HandlerThread:1436 [handler.py:handle_request():146] handle_request: status_report
2023-11-21 20:36:34,575 DEBUG   HandlerThread:1436 [handler.py:handle_request():146] handle_request: status_report
2023-11-21 20:36:39,617 DEBUG   HandlerThread:1436 [handler.py:handle_request():146] handle_request: status_report
2023-11-21 20:36:40,213 DEBUG   HandlerThread:1436 [handler.py:handle_request():146] handle_request: stop_status
2023-11-21 20:36:40,214 DEBUG   SenderThread:1436 [sender.py:send_request():407] send_request: stop_status
2023-11-21 20:36:40,218 DEBUG   HandlerThread:1436 [handler.py:handle_request():146] handle_request: internal_messages
2023-11-21 20:36:45,553 DEBUG   HandlerThread:1436 [handler.py:handle_request():146] handle_request: status_report
2023-11-21 20:36:46,625 DEBUG   SenderThread:1436 [sender.py:send():380] send: stats
2023-11-21 20:36:50,651 DEBUG   HandlerThread:1436 [handler.py:handle_request():146] handle_request: status_report
2023-11-21 20:36:55,206 DEBUG   HandlerThread:1436 [handler.py:handle_request():146] handle_request: stop_status
2023-11-21 20:36:55,206 DEBUG   SenderThread:1436 [sender.py:send_request():407] send_request: stop_status
2023-11-21 20:36:55,222 DEBUG   HandlerThread:1436 [handler.py:handle_request():146] handle_request: internal_messages
2023-11-21 20:36:56,528 DEBUG   HandlerThread:1436 [handler.py:handle_request():146] handle_request: status_report
2023-11-21 20:37:01,554 DEBUG   HandlerThread:1436 [handler.py:handle_request():146] handle_request: status_report
2023-11-21 20:37:06,581 DEBUG   HandlerThread:1436 [handler.py:handle_request():146] handle_request: status_report
2023-11-21 20:37:10,216 DEBUG   HandlerThread:1436 [handler.py:handle_request():146] handle_request: stop_status
2023-11-21 20:37:10,217 DEBUG   SenderThread:1436 [sender.py:send_request():407] send_request: stop_status
2023-11-21 20:37:10,232 DEBUG   HandlerThread:1436 [handler.py:handle_request():146] handle_request: internal_messages
2023-11-21 20:37:12,524 DEBUG   HandlerThread:1436 [handler.py:handle_request():146] handle_request: status_report
2023-11-21 20:37:16,640 DEBUG   SenderThread:1436 [sender.py:send():380] send: stats
2023-11-21 20:37:17,645 DEBUG   HandlerThread:1436 [handler.py:handle_request():146] handle_request: status_report
2023-11-21 20:37:22,677 DEBUG   HandlerThread:1436 [handler.py:handle_request():146] handle_request: status_report
2023-11-21 20:37:25,226 DEBUG   HandlerThread:1436 [handler.py:handle_request():146] handle_request: internal_messages
2023-11-21 20:37:25,231 DEBUG   HandlerThread:1436 [handler.py:handle_request():146] handle_request: stop_status
2023-11-21 20:37:25,232 DEBUG   SenderThread:1436 [sender.py:send_request():407] send_request: stop_status
2023-11-21 20:37:28,497 DEBUG   HandlerThread:1436 [handler.py:handle_request():146] handle_request: status_report
2023-11-21 20:37:33,540 DEBUG   HandlerThread:1436 [handler.py:handle_request():146] handle_request: status_report
2023-11-21 20:37:38,567 DEBUG   HandlerThread:1436 [handler.py:handle_request():146] handle_request: status_report
2023-11-21 20:37:40,238 DEBUG   HandlerThread:1436 [handler.py:handle_request():146] handle_request: internal_messages
2023-11-21 20:37:40,240 DEBUG   HandlerThread:1436 [handler.py:handle_request():146] handle_request: stop_status
2023-11-21 20:37:40,240 DEBUG   SenderThread:1436 [sender.py:send_request():407] send_request: stop_status
2023-11-21 20:37:43,659 DEBUG   HandlerThread:1436 [handler.py:handle_request():146] handle_request: status_report
2023-11-21 20:37:46,650 DEBUG   SenderThread:1436 [sender.py:send():380] send: stats
2023-11-21 20:37:48,659 DEBUG   HandlerThread:1436 [handler.py:handle_request():146] handle_request: status_report
2023-11-21 20:37:53,687 DEBUG   HandlerThread:1436 [handler.py:handle_request():146] handle_request: status_report
2023-11-21 20:37:55,252 DEBUG   HandlerThread:1436 [handler.py:handle_request():146] handle_request: stop_status
2023-11-21 20:37:55,252 DEBUG   SenderThread:1436 [sender.py:send_request():407] send_request: stop_status
2023-11-21 20:37:55,290 DEBUG   HandlerThread:1436 [handler.py:handle_request():146] handle_request: internal_messages
2023-11-21 20:37:59,523 DEBUG   HandlerThread:1436 [handler.py:handle_request():146] handle_request: status_report
2023-11-21 20:38:04,550 DEBUG   HandlerThread:1436 [handler.py:handle_request():146] handle_request: status_report
2023-11-21 20:38:09,576 DEBUG   HandlerThread:1436 [handler.py:handle_request():146] handle_request: status_report
2023-11-21 20:38:10,258 DEBUG   HandlerThread:1436 [handler.py:handle_request():146] handle_request: stop_status
2023-11-21 20:38:10,259 DEBUG   SenderThread:1436 [sender.py:send_request():407] send_request: stop_status
2023-11-21 20:38:10,261 DEBUG   HandlerThread:1436 [handler.py:handle_request():146] handle_request: internal_messages
2023-11-21 20:38:15,352 DEBUG   HandlerThread:1436 [handler.py:handle_request():146] handle_request: status_report
2023-11-21 20:38:15,581 DEBUG   HandlerThread:1436 [handler.py:handle_request():146] handle_request: partial_history
2023-11-21 20:38:15,583 DEBUG   SenderThread:1436 [sender.py:send():380] send: history
2023-11-21 20:38:15,583 DEBUG   SenderThread:1436 [sender.py:send_request():407] send_request: summary_record
2023-11-21 20:38:15,585 INFO    SenderThread:1436 [sender.py:_save_file():1380] saving file wandb-summary.json with policy end
2023-11-21 20:38:16,180 INFO    Thread-16 :1436 [dir_watcher.py:_on_file_modified():288] file/dir modified: C:\Users\theho\git_AI_Application_Practice\07.Olympic\wandb\run-20231121_202714-3ys4f4pa\files\wandb-summary.json
2023-11-21 20:38:16,662 DEBUG   SenderThread:1436 [sender.py:send():380] send: stats
2023-11-21 20:38:17,190 INFO    Thread-16 :1436 [dir_watcher.py:_on_file_modified():288] file/dir modified: C:\Users\theho\git_AI_Application_Practice\07.Olympic\wandb\run-20231121_202714-3ys4f4pa\files\output.log
2023-11-21 20:38:20,690 DEBUG   HandlerThread:1436 [handler.py:handle_request():146] handle_request: status_report
2023-11-21 20:38:25,256 DEBUG   HandlerThread:1436 [handler.py:handle_request():146] handle_request: stop_status
2023-11-21 20:38:25,257 DEBUG   SenderThread:1436 [sender.py:send_request():407] send_request: stop_status
2023-11-21 20:38:25,264 DEBUG   HandlerThread:1436 [handler.py:handle_request():146] handle_request: internal_messages
2023-11-21 20:38:26,505 DEBUG   HandlerThread:1436 [handler.py:handle_request():146] handle_request: status_report
2023-11-21 20:38:31,537 DEBUG   HandlerThread:1436 [handler.py:handle_request():146] handle_request: status_report
2023-11-21 20:38:36,569 DEBUG   HandlerThread:1436 [handler.py:handle_request():146] handle_request: status_report
2023-11-21 20:38:40,255 DEBUG   HandlerThread:1436 [handler.py:handle_request():146] handle_request: stop_status
2023-11-21 20:38:40,255 DEBUG   SenderThread:1436 [sender.py:send_request():407] send_request: stop_status
2023-11-21 20:38:40,266 DEBUG   HandlerThread:1436 [handler.py:handle_request():146] handle_request: internal_messages
2023-11-21 20:38:42,520 DEBUG   HandlerThread:1436 [handler.py:handle_request():146] handle_request: status_report
2023-11-21 20:38:46,724 DEBUG   SenderThread:1436 [sender.py:send():380] send: stats
2023-11-21 20:38:47,734 DEBUG   HandlerThread:1436 [handler.py:handle_request():146] handle_request: status_report
2023-11-21 20:38:52,785 DEBUG   HandlerThread:1436 [handler.py:handle_request():146] handle_request: status_report
2023-11-21 20:38:55,253 DEBUG   HandlerThread:1436 [handler.py:handle_request():146] handle_request: internal_messages
2023-11-21 20:38:55,269 DEBUG   HandlerThread:1436 [handler.py:handle_request():146] handle_request: stop_status
2023-11-21 20:38:55,270 DEBUG   SenderThread:1436 [sender.py:send_request():407] send_request: stop_status
2023-11-21 20:38:58,497 DEBUG   HandlerThread:1436 [handler.py:handle_request():146] handle_request: status_report
2023-11-21 20:39:03,523 DEBUG   HandlerThread:1436 [handler.py:handle_request():146] handle_request: status_report
2023-11-21 20:39:08,550 DEBUG   HandlerThread:1436 [handler.py:handle_request():146] handle_request: status_report
2023-11-21 20:39:10,267 DEBUG   HandlerThread:1436 [handler.py:handle_request():146] handle_request: internal_messages
2023-11-21 20:39:10,282 DEBUG   HandlerThread:1436 [handler.py:handle_request():146] handle_request: stop_status
2023-11-21 20:39:10,283 DEBUG   SenderThread:1436 [sender.py:send_request():407] send_request: stop_status
2023-11-21 20:39:13,632 DEBUG   HandlerThread:1436 [handler.py:handle_request():146] handle_request: status_report
2023-11-21 20:39:16,715 DEBUG   SenderThread:1436 [sender.py:send():380] send: stats
2023-11-21 20:39:18,728 DEBUG   HandlerThread:1436 [handler.py:handle_request():146] handle_request: status_report
2023-11-21 20:39:23,759 DEBUG   HandlerThread:1436 [handler.py:handle_request():146] handle_request: status_report
2023-11-21 20:39:25,280 DEBUG   HandlerThread:1436 [handler.py:handle_request():146] handle_request: stop_status
2023-11-21 20:39:25,281 DEBUG   SenderThread:1436 [sender.py:send_request():407] send_request: stop_status
2023-11-21 20:39:25,283 DEBUG   HandlerThread:1436 [handler.py:handle_request():146] handle_request: internal_messages
2023-11-21 20:39:29,618 DEBUG   HandlerThread:1436 [handler.py:handle_request():146] handle_request: status_report
2023-11-21 20:39:34,651 DEBUG   HandlerThread:1436 [handler.py:handle_request():146] handle_request: status_report
2023-11-21 20:39:39,686 DEBUG   HandlerThread:1436 [handler.py:handle_request():146] handle_request: status_report
2023-11-21 20:39:40,288 DEBUG   HandlerThread:1436 [handler.py:handle_request():146] handle_request: stop_status
2023-11-21 20:39:40,289 DEBUG   SenderThread:1436 [sender.py:send_request():407] send_request: stop_status
2023-11-21 20:39:40,291 DEBUG   HandlerThread:1436 [handler.py:handle_request():146] handle_request: internal_messages
2023-11-21 20:39:45,577 DEBUG   HandlerThread:1436 [handler.py:handle_request():146] handle_request: status_report
2023-11-21 20:39:46,722 DEBUG   SenderThread:1436 [sender.py:send():380] send: stats
2023-11-21 20:39:50,749 DEBUG   HandlerThread:1436 [handler.py:handle_request():146] handle_request: status_report
2023-11-21 20:39:55,285 DEBUG   HandlerThread:1436 [handler.py:handle_request():146] handle_request: stop_status
2023-11-21 20:39:55,285 DEBUG   SenderThread:1436 [sender.py:send_request():407] send_request: stop_status
2023-11-21 20:39:55,305 DEBUG   HandlerThread:1436 [handler.py:handle_request():146] handle_request: internal_messages
2023-11-21 20:39:56,606 DEBUG   HandlerThread:1436 [handler.py:handle_request():146] handle_request: status_report
2023-11-21 20:40:01,993 INFO    Thread-16 :1436 [dir_watcher.py:_on_file_modified():288] file/dir modified: C:\Users\theho\git_AI_Application_Practice\07.Olympic\wandb\run-20231121_202714-3ys4f4pa\files\output.log
2023-11-21 20:40:02,457 DEBUG   HandlerThread:1436 [handler.py:handle_request():146] handle_request: status_report
2023-11-21 20:40:03,096 DEBUG   HandlerThread:1436 [handler.py:handle_request():146] handle_request: partial_history
2023-11-21 20:40:03,098 DEBUG   SenderThread:1436 [sender.py:send():380] send: history
2023-11-21 20:40:03,098 DEBUG   SenderThread:1436 [sender.py:send_request():407] send_request: summary_record
2023-11-21 20:40:03,100 INFO    SenderThread:1436 [sender.py:_save_file():1380] saving file wandb-summary.json with policy end
2023-11-21 20:40:04,003 INFO    Thread-16 :1436 [dir_watcher.py:_on_file_modified():288] file/dir modified: C:\Users\theho\git_AI_Application_Practice\07.Olympic\wandb\run-20231121_202714-3ys4f4pa\files\wandb-summary.json
2023-11-21 20:40:08,139 DEBUG   HandlerThread:1436 [handler.py:handle_request():146] handle_request: status_report
2023-11-21 20:40:10,287 DEBUG   HandlerThread:1436 [handler.py:handle_request():146] handle_request: stop_status
2023-11-21 20:40:10,287 DEBUG   SenderThread:1436 [sender.py:send_request():407] send_request: stop_status
2023-11-21 20:40:10,295 DEBUG   HandlerThread:1436 [handler.py:handle_request():146] handle_request: internal_messages
2023-11-21 20:40:13,644 DEBUG   HandlerThread:1436 [handler.py:handle_request():146] handle_request: status_report
2023-11-21 20:40:16,727 DEBUG   SenderThread:1436 [sender.py:send():380] send: stats
2023-11-21 20:40:18,741 DEBUG   HandlerThread:1436 [handler.py:handle_request():146] handle_request: status_report
2023-11-21 20:40:23,873 DEBUG   HandlerThread:1436 [handler.py:handle_request():146] handle_request: status_report
2023-11-21 20:40:25,282 DEBUG   HandlerThread:1436 [handler.py:handle_request():146] handle_request: stop_status
2023-11-21 20:40:25,283 DEBUG   SenderThread:1436 [sender.py:send_request():407] send_request: stop_status
2023-11-21 20:40:25,297 DEBUG   HandlerThread:1436 [handler.py:handle_request():146] handle_request: internal_messages
2023-11-21 20:40:29,574 DEBUG   HandlerThread:1436 [handler.py:handle_request():146] handle_request: status_report
2023-11-21 20:40:34,612 DEBUG   HandlerThread:1436 [handler.py:handle_request():146] handle_request: status_report
2023-11-21 20:40:39,649 DEBUG   HandlerThread:1436 [handler.py:handle_request():146] handle_request: status_report
2023-11-21 20:40:40,276 DEBUG   HandlerThread:1436 [handler.py:handle_request():146] handle_request: stop_status
2023-11-21 20:40:40,277 DEBUG   SenderThread:1436 [sender.py:send_request():407] send_request: stop_status
2023-11-21 20:40:40,300 DEBUG   HandlerThread:1436 [handler.py:handle_request():146] handle_request: internal_messages
2023-11-21 20:40:45,613 DEBUG   HandlerThread:1436 [handler.py:handle_request():146] handle_request: status_report
2023-11-21 20:40:46,740 DEBUG   SenderThread:1436 [sender.py:send():380] send: stats
2023-11-21 20:40:50,761 DEBUG   HandlerThread:1436 [handler.py:handle_request():146] handle_request: status_report
2023-11-21 20:40:55,295 DEBUG   HandlerThread:1436 [handler.py:handle_request():146] handle_request: stop_status
2023-11-21 20:40:55,296 DEBUG   SenderThread:1436 [sender.py:send_request():407] send_request: stop_status
2023-11-21 20:40:55,303 DEBUG   HandlerThread:1436 [handler.py:handle_request():146] handle_request: internal_messages
2023-11-21 20:40:56,557 DEBUG   HandlerThread:1436 [handler.py:handle_request():146] handle_request: status_report
2023-11-21 20:41:01,593 DEBUG   HandlerThread:1436 [handler.py:handle_request():146] handle_request: status_report
2023-11-21 20:41:06,636 DEBUG   HandlerThread:1436 [handler.py:handle_request():146] handle_request: status_report
2023-11-21 20:41:10,307 DEBUG   HandlerThread:1436 [handler.py:handle_request():146] handle_request: stop_status
2023-11-21 20:41:10,308 DEBUG   SenderThread:1436 [sender.py:send_request():407] send_request: stop_status
2023-11-21 20:41:10,317 DEBUG   HandlerThread:1436 [handler.py:handle_request():146] handle_request: internal_messages
2023-11-21 20:41:12,631 DEBUG   HandlerThread:1436 [handler.py:handle_request():146] handle_request: status_report
2023-11-21 20:41:16,751 DEBUG   SenderThread:1436 [sender.py:send():380] send: stats
2023-11-21 20:41:17,756 DEBUG   HandlerThread:1436 [handler.py:handle_request():146] handle_request: status_report
2023-11-21 20:41:22,797 DEBUG   HandlerThread:1436 [handler.py:handle_request():146] handle_request: status_report
2023-11-21 20:41:25,302 DEBUG   HandlerThread:1436 [handler.py:handle_request():146] handle_request: stop_status
2023-11-21 20:41:25,303 DEBUG   SenderThread:1436 [sender.py:send_request():407] send_request: stop_status
2023-11-21 20:41:25,322 DEBUG   HandlerThread:1436 [handler.py:handle_request():146] handle_request: internal_messages
2023-11-21 20:41:28,452 DEBUG   HandlerThread:1436 [handler.py:handle_request():146] handle_request: status_report
2023-11-21 20:41:29,690 INFO    Thread-16 :1436 [dir_watcher.py:_on_file_modified():288] file/dir modified: C:\Users\theho\git_AI_Application_Practice\07.Olympic\wandb\run-20231121_202714-3ys4f4pa\files\output.log
2023-11-21 20:41:33,488 DEBUG   HandlerThread:1436 [handler.py:handle_request():146] handle_request: status_report
2023-11-21 20:41:38,518 DEBUG   HandlerThread:1436 [handler.py:handle_request():146] handle_request: status_report
2023-11-21 20:41:40,302 DEBUG   HandlerThread:1436 [handler.py:handle_request():146] handle_request: stop_status
2023-11-21 20:41:40,302 DEBUG   SenderThread:1436 [sender.py:send_request():407] send_request: stop_status
2023-11-21 20:41:40,320 DEBUG   HandlerThread:1436 [handler.py:handle_request():146] handle_request: internal_messages
2023-11-21 20:41:41,168 DEBUG   HandlerThread:1436 [handler.py:handle_request():146] handle_request: partial_history
2023-11-21 20:41:41,170 DEBUG   SenderThread:1436 [sender.py:send():380] send: history
2023-11-21 20:41:41,170 DEBUG   SenderThread:1436 [sender.py:send_request():407] send_request: summary_record
2023-11-21 20:41:41,172 INFO    SenderThread:1436 [sender.py:_save_file():1380] saving file wandb-summary.json with policy end
2023-11-21 20:41:41,761 INFO    Thread-16 :1436 [dir_watcher.py:_on_file_modified():288] file/dir modified: C:\Users\theho\git_AI_Application_Practice\07.Olympic\wandb\run-20231121_202714-3ys4f4pa\files\wandb-summary.json
2023-11-21 20:41:44,199 DEBUG   HandlerThread:1436 [handler.py:handle_request():146] handle_request: status_report
2023-11-21 20:41:46,758 DEBUG   SenderThread:1436 [sender.py:send():380] send: stats
2023-11-21 20:41:49,775 DEBUG   HandlerThread:1436 [handler.py:handle_request():146] handle_request: status_report
2023-11-21 20:41:54,825 DEBUG   HandlerThread:1436 [handler.py:handle_request():146] handle_request: status_report
2023-11-21 20:41:55,302 DEBUG   HandlerThread:1436 [handler.py:handle_request():146] handle_request: stop_status
2023-11-21 20:41:55,302 DEBUG   SenderThread:1436 [sender.py:send_request():407] send_request: stop_status
2023-11-21 20:41:55,322 DEBUG   HandlerThread:1436 [handler.py:handle_request():146] handle_request: internal_messages
2023-11-21 20:42:00,601 DEBUG   HandlerThread:1436 [handler.py:handle_request():146] handle_request: status_report
2023-11-21 20:42:05,654 DEBUG   HandlerThread:1436 [handler.py:handle_request():146] handle_request: status_report
2023-11-21 20:42:10,307 DEBUG   HandlerThread:1436 [handler.py:handle_request():146] handle_request: stop_status
2023-11-21 20:42:10,308 DEBUG   SenderThread:1436 [sender.py:send_request():407] send_request: stop_status
2023-11-21 20:42:10,310 DEBUG   HandlerThread:1436 [handler.py:handle_request():146] handle_request: internal_messages
2023-11-21 20:42:11,626 DEBUG   HandlerThread:1436 [handler.py:handle_request():146] handle_request: status_report
2023-11-21 20:42:16,658 DEBUG   HandlerThread:1436 [handler.py:handle_request():146] handle_request: status_report
2023-11-21 20:42:16,770 DEBUG   SenderThread:1436 [sender.py:send():380] send: stats
2023-11-21 20:42:21,817 DEBUG   HandlerThread:1436 [handler.py:handle_request():146] handle_request: status_report
2023-11-21 20:42:25,304 DEBUG   HandlerThread:1436 [handler.py:handle_request():146] handle_request: stop_status
2023-11-21 20:42:25,304 DEBUG   SenderThread:1436 [sender.py:send_request():407] send_request: stop_status
2023-11-21 20:42:25,322 DEBUG   HandlerThread:1436 [handler.py:handle_request():146] handle_request: internal_messages
2023-11-21 20:42:27,565 DEBUG   HandlerThread:1436 [handler.py:handle_request():146] handle_request: status_report
2023-11-21 20:42:32,592 DEBUG   HandlerThread:1436 [handler.py:handle_request():146] handle_request: status_report
2023-11-21 20:42:37,620 DEBUG   HandlerThread:1436 [handler.py:handle_request():146] handle_request: status_report
2023-11-21 20:42:40,299 DEBUG   HandlerThread:1436 [handler.py:handle_request():146] handle_request: stop_status
2023-11-21 20:42:40,299 DEBUG   SenderThread:1436 [sender.py:send_request():407] send_request: stop_status
2023-11-21 20:42:40,324 DEBUG   HandlerThread:1436 [handler.py:handle_request():146] handle_request: internal_messages
2023-11-21 20:42:43,627 DEBUG   HandlerThread:1436 [handler.py:handle_request():146] handle_request: status_report
2023-11-21 20:42:46,771 DEBUG   SenderThread:1436 [sender.py:send():380] send: stats
2023-11-21 20:42:48,781 DEBUG   HandlerThread:1436 [handler.py:handle_request():146] handle_request: status_report
2023-11-21 20:42:54,178 DEBUG   HandlerThread:1436 [handler.py:handle_request():146] handle_request: status_report
2023-11-21 20:42:55,304 INFO    Thread-16 :1436 [dir_watcher.py:_on_file_modified():288] file/dir modified: C:\Users\theho\git_AI_Application_Practice\07.Olympic\wandb\run-20231121_202714-3ys4f4pa\files\output.log
2023-11-21 20:42:55,304 DEBUG   HandlerThread:1436 [handler.py:handle_request():146] handle_request: stop_status
2023-11-21 20:42:55,305 DEBUG   SenderThread:1436 [sender.py:send_request():407] send_request: stop_status
2023-11-21 20:42:55,312 DEBUG   HandlerThread:1436 [handler.py:handle_request():146] handle_request: internal_messages
2023-11-21 20:42:57,356 DEBUG   HandlerThread:1436 [handler.py:handle_request():146] handle_request: partial_history
2023-11-21 20:42:57,357 DEBUG   SenderThread:1436 [sender.py:send():380] send: history
2023-11-21 20:42:57,358 DEBUG   SenderThread:1436 [sender.py:send_request():407] send_request: summary_record
2023-11-21 20:42:57,359 INFO    SenderThread:1436 [sender.py:_save_file():1380] saving file wandb-summary.json with policy end
2023-11-21 20:42:58,323 INFO    Thread-16 :1436 [dir_watcher.py:_on_file_modified():288] file/dir modified: C:\Users\theho\git_AI_Application_Practice\07.Olympic\wandb\run-20231121_202714-3ys4f4pa\files\wandb-summary.json
2023-11-21 20:42:59,373 DEBUG   HandlerThread:1436 [handler.py:handle_request():146] handle_request: status_report
2023-11-21 20:43:04,415 DEBUG   HandlerThread:1436 [handler.py:handle_request():146] handle_request: status_report
2023-11-21 20:43:09,449 DEBUG   HandlerThread:1436 [handler.py:handle_request():146] handle_request: status_report
2023-11-21 20:43:10,305 DEBUG   HandlerThread:1436 [handler.py:handle_request():146] handle_request: stop_status
2023-11-21 20:43:10,306 DEBUG   SenderThread:1436 [sender.py:send_request():407] send_request: stop_status
2023-11-21 20:43:10,314 DEBUG   HandlerThread:1436 [handler.py:handle_request():146] handle_request: internal_messages
2023-11-21 20:43:14,545 DEBUG   HandlerThread:1436 [handler.py:handle_request():146] handle_request: status_report
2023-11-21 20:43:16,778 DEBUG   SenderThread:1436 [sender.py:send():380] send: stats
2023-11-21 20:43:19,784 DEBUG   HandlerThread:1436 [handler.py:handle_request():146] handle_request: status_report
2023-11-21 20:43:24,833 DEBUG   HandlerThread:1436 [handler.py:handle_request():146] handle_request: status_report
2023-11-21 20:43:25,301 DEBUG   HandlerThread:1436 [handler.py:handle_request():146] handle_request: stop_status
2023-11-21 20:43:25,301 DEBUG   SenderThread:1436 [sender.py:send_request():407] send_request: stop_status
2023-11-21 20:43:25,316 DEBUG   HandlerThread:1436 [handler.py:handle_request():146] handle_request: internal_messages
2023-11-21 20:43:30,588 DEBUG   HandlerThread:1436 [handler.py:handle_request():146] handle_request: status_report
2023-11-21 20:43:35,625 DEBUG   HandlerThread:1436 [handler.py:handle_request():146] handle_request: status_report
2023-11-21 20:43:40,302 DEBUG   HandlerThread:1436 [handler.py:handle_request():146] handle_request: stop_status
2023-11-21 20:43:40,303 DEBUG   SenderThread:1436 [sender.py:send_request():407] send_request: stop_status
2023-11-21 20:43:40,320 DEBUG   HandlerThread:1436 [handler.py:handle_request():146] handle_request: internal_messages
2023-11-21 20:43:41,566 DEBUG   HandlerThread:1436 [handler.py:handle_request():146] handle_request: status_report
2023-11-21 20:43:46,601 DEBUG   HandlerThread:1436 [handler.py:handle_request():146] handle_request: status_report
2023-11-21 20:43:46,783 DEBUG   SenderThread:1436 [sender.py:send():380] send: stats
2023-11-21 20:43:51,813 DEBUG   HandlerThread:1436 [handler.py:handle_request():146] handle_request: status_report
2023-11-21 20:43:55,314 DEBUG   HandlerThread:1436 [handler.py:handle_request():146] handle_request: stop_status
2023-11-21 20:43:55,315 DEBUG   SenderThread:1436 [sender.py:send_request():407] send_request: stop_status
2023-11-21 20:43:55,332 DEBUG   HandlerThread:1436 [handler.py:handle_request():146] handle_request: internal_messages
2023-11-21 20:43:57,597 DEBUG   HandlerThread:1436 [handler.py:handle_request():146] handle_request: status_report
2023-11-21 20:44:02,646 DEBUG   HandlerThread:1436 [handler.py:handle_request():146] handle_request: status_report
2023-11-21 20:44:07,681 DEBUG   HandlerThread:1436 [handler.py:handle_request():146] handle_request: status_report
2023-11-21 20:44:10,322 DEBUG   HandlerThread:1436 [handler.py:handle_request():146] handle_request: stop_status
2023-11-21 20:44:10,323 DEBUG   SenderThread:1436 [sender.py:send_request():407] send_request: stop_status
2023-11-21 20:44:10,325 DEBUG   HandlerThread:1436 [handler.py:handle_request():146] handle_request: internal_messages
2023-11-21 20:44:13,629 DEBUG   HandlerThread:1436 [handler.py:handle_request():146] handle_request: status_report
2023-11-21 20:44:16,785 DEBUG   SenderThread:1436 [sender.py:send():380] send: stats
2023-11-21 20:44:18,795 DEBUG   HandlerThread:1436 [handler.py:handle_request():146] handle_request: status_report
2023-11-21 20:44:23,821 DEBUG   HandlerThread:1436 [handler.py:handle_request():146] handle_request: status_report
2023-11-21 20:44:25,330 DEBUG   HandlerThread:1436 [handler.py:handle_request():146] handle_request: internal_messages
2023-11-21 20:44:25,331 DEBUG   HandlerThread:1436 [handler.py:handle_request():146] handle_request: stop_status
2023-11-21 20:44:25,332 DEBUG   SenderThread:1436 [sender.py:send_request():407] send_request: stop_status
2023-11-21 20:44:29,618 DEBUG   HandlerThread:1436 [handler.py:handle_request():146] handle_request: status_report
2023-11-21 20:44:34,646 DEBUG   HandlerThread:1436 [handler.py:handle_request():146] handle_request: status_report
2023-11-21 20:44:34,774 DEBUG   SenderThread:1436 [sender.py:send():380] send: exit
2023-11-21 20:44:34,775 INFO    SenderThread:1436 [sender.py:send_exit():585] handling exit code: 255
2023-11-21 20:44:34,775 INFO    SenderThread:1436 [sender.py:send_exit():587] handling runtime: 1038
2023-11-21 20:44:34,776 INFO    SenderThread:1436 [sender.py:_save_file():1380] saving file wandb-summary.json with policy end
2023-11-21 20:44:34,776 INFO    SenderThread:1436 [sender.py:send_exit():593] send defer
2023-11-21 20:44:34,777 DEBUG   HandlerThread:1436 [handler.py:handle_request():146] handle_request: defer
2023-11-21 20:44:34,777 INFO    HandlerThread:1436 [handler.py:handle_request_defer():172] handle defer: 0
2023-11-21 20:44:34,777 DEBUG   SenderThread:1436 [sender.py:send_request():407] send_request: defer
2023-11-21 20:44:34,777 INFO    SenderThread:1436 [sender.py:send_request_defer():609] handle sender defer: 0
2023-11-21 20:44:34,777 INFO    SenderThread:1436 [sender.py:transition_state():613] send defer: 1
2023-11-21 20:44:34,778 DEBUG   HandlerThread:1436 [handler.py:handle_request():146] handle_request: defer
2023-11-21 20:44:34,778 INFO    HandlerThread:1436 [handler.py:handle_request_defer():172] handle defer: 1
2023-11-21 20:44:34,778 DEBUG   SenderThread:1436 [sender.py:send_request():407] send_request: defer
2023-11-21 20:44:34,778 INFO    SenderThread:1436 [sender.py:send_request_defer():609] handle sender defer: 1
2023-11-21 20:44:34,778 INFO    SenderThread:1436 [sender.py:transition_state():613] send defer: 2
2023-11-21 20:44:34,778 DEBUG   HandlerThread:1436 [handler.py:handle_request():146] handle_request: defer
2023-11-21 20:44:34,779 INFO    HandlerThread:1436 [handler.py:handle_request_defer():172] handle defer: 2
2023-11-21 20:44:34,779 INFO    HandlerThread:1436 [system_monitor.py:finish():203] Stopping system monitor
2023-11-21 20:44:34,779 DEBUG   SystemMonitor:1436 [system_monitor.py:_start():179] Finished system metrics aggregation loop
2023-11-21 20:44:34,779 INFO    HandlerThread:1436 [interfaces.py:finish():202] Joined cpu monitor
2023-11-21 20:44:34,779 DEBUG   SystemMonitor:1436 [system_monitor.py:_start():183] Publishing last batch of metrics
2023-11-21 20:44:34,780 INFO    HandlerThread:1436 [interfaces.py:finish():202] Joined disk monitor
2023-11-21 20:44:34,780 INFO    HandlerThread:1436 [interfaces.py:finish():202] Joined memory monitor
2023-11-21 20:44:34,781 INFO    HandlerThread:1436 [interfaces.py:finish():202] Joined network monitor
2023-11-21 20:44:34,781 DEBUG   SenderThread:1436 [sender.py:send_request():407] send_request: defer
2023-11-21 20:44:34,782 INFO    SenderThread:1436 [sender.py:send_request_defer():609] handle sender defer: 2
2023-11-21 20:44:34,782 INFO    SenderThread:1436 [sender.py:transition_state():613] send defer: 3
2023-11-21 20:44:34,782 DEBUG   SenderThread:1436 [sender.py:send():380] send: stats
2023-11-21 20:44:34,782 DEBUG   HandlerThread:1436 [handler.py:handle_request():146] handle_request: defer
2023-11-21 20:44:34,782 INFO    HandlerThread:1436 [handler.py:handle_request_defer():172] handle defer: 3
2023-11-21 20:44:34,783 DEBUG   SenderThread:1436 [sender.py:send_request():407] send_request: defer
2023-11-21 20:44:34,783 INFO    SenderThread:1436 [sender.py:send_request_defer():609] handle sender defer: 3
2023-11-21 20:44:34,783 INFO    SenderThread:1436 [sender.py:transition_state():613] send defer: 4
2023-11-21 20:44:34,783 DEBUG   HandlerThread:1436 [handler.py:handle_request():146] handle_request: defer
2023-11-21 20:44:34,783 INFO    HandlerThread:1436 [handler.py:handle_request_defer():172] handle defer: 4
2023-11-21 20:44:34,783 DEBUG   SenderThread:1436 [sender.py:send_request():407] send_request: defer
2023-11-21 20:44:34,784 INFO    SenderThread:1436 [sender.py:send_request_defer():609] handle sender defer: 4
2023-11-21 20:44:34,784 INFO    SenderThread:1436 [sender.py:transition_state():613] send defer: 5
2023-11-21 20:44:34,784 DEBUG   HandlerThread:1436 [handler.py:handle_request():146] handle_request: defer
2023-11-21 20:44:34,784 INFO    HandlerThread:1436 [handler.py:handle_request_defer():172] handle defer: 5
2023-11-21 20:44:34,784 DEBUG   SenderThread:1436 [sender.py:send():380] send: summary
2023-11-21 20:44:34,786 INFO    SenderThread:1436 [sender.py:_save_file():1380] saving file wandb-summary.json with policy end
2023-11-21 20:44:34,786 DEBUG   SenderThread:1436 [sender.py:send_request():407] send_request: defer
2023-11-21 20:44:34,786 INFO    SenderThread:1436 [sender.py:send_request_defer():609] handle sender defer: 5
2023-11-21 20:44:34,787 INFO    SenderThread:1436 [sender.py:transition_state():613] send defer: 6
2023-11-21 20:44:34,787 DEBUG   HandlerThread:1436 [handler.py:handle_request():146] handle_request: defer
2023-11-21 20:44:34,787 INFO    HandlerThread:1436 [handler.py:handle_request_defer():172] handle defer: 6
2023-11-21 20:44:34,787 DEBUG   SenderThread:1436 [sender.py:send_request():407] send_request: defer
2023-11-21 20:44:34,787 INFO    SenderThread:1436 [sender.py:send_request_defer():609] handle sender defer: 6
2023-11-21 20:44:34,787 INFO    SenderThread:1436 [sender.py:transition_state():613] send defer: 7
2023-11-21 20:44:34,788 DEBUG   HandlerThread:1436 [handler.py:handle_request():146] handle_request: status_report
2023-11-21 20:44:34,788 DEBUG   HandlerThread:1436 [handler.py:handle_request():146] handle_request: defer
2023-11-21 20:44:34,788 INFO    HandlerThread:1436 [handler.py:handle_request_defer():172] handle defer: 7
2023-11-21 20:44:34,788 DEBUG   SenderThread:1436 [sender.py:send_request():407] send_request: defer
2023-11-21 20:44:34,788 INFO    SenderThread:1436 [sender.py:send_request_defer():609] handle sender defer: 7
2023-11-21 20:44:35,082 INFO    Thread-16 :1436 [dir_watcher.py:_on_file_modified():288] file/dir modified: C:\Users\theho\git_AI_Application_Practice\07.Olympic\wandb\run-20231121_202714-3ys4f4pa\files\wandb-summary.json
2023-11-21 20:44:35,786 DEBUG   HandlerThread:1436 [handler.py:handle_request():146] handle_request: poll_exit
2023-11-21 20:44:36,790 INFO    SenderThread:1436 [sender.py:transition_state():613] send defer: 8
2023-11-21 20:44:36,790 DEBUG   SenderThread:1436 [sender.py:send_request():407] send_request: poll_exit
2023-11-21 20:44:36,791 DEBUG   HandlerThread:1436 [handler.py:handle_request():146] handle_request: defer
2023-11-21 20:44:36,791 INFO    HandlerThread:1436 [handler.py:handle_request_defer():172] handle defer: 8
2023-11-21 20:44:36,791 DEBUG   SenderThread:1436 [sender.py:send_request():407] send_request: defer
2023-11-21 20:44:36,791 INFO    SenderThread:1436 [sender.py:send_request_defer():609] handle sender defer: 8
2023-11-21 20:44:36,792 INFO    SenderThread:1436 [job_builder.py:build():298] Attempting to build job artifact
2023-11-21 20:44:36,792 DEBUG   HandlerThread:1436 [handler.py:handle_request():146] handle_request: poll_exit
2023-11-21 20:44:36,793 INFO    SenderThread:1436 [job_builder.py:_get_source_type():428] is repo sourced job
2023-11-21 20:44:37,093 INFO    Thread-16 :1436 [dir_watcher.py:_on_file_modified():288] file/dir modified: C:\Users\theho\git_AI_Application_Practice\07.Olympic\wandb\run-20231121_202714-3ys4f4pa\files\output.log
2023-11-21 20:44:37,407 INFO    SenderThread:1436 [job_builder.py:build():404] adding wandb-job metadata file
2023-11-21 20:44:37,422 INFO    SenderThread:1436 [sender.py:transition_state():613] send defer: 9
2023-11-21 20:44:37,422 DEBUG   SenderThread:1436 [sender.py:send_request():407] send_request: poll_exit
2023-11-21 20:44:37,422 DEBUG   HandlerThread:1436 [handler.py:handle_request():146] handle_request: defer
2023-11-21 20:44:37,423 DEBUG   SenderThread:1436 [sender.py:send():380] send: artifact
2023-11-21 20:44:37,423 INFO    HandlerThread:1436 [handler.py:handle_request_defer():172] handle defer: 9
2023-11-21 20:44:37,797 DEBUG   HandlerThread:1436 [handler.py:handle_request():146] handle_request: poll_exit
2023-11-21 20:44:38,698 INFO    SenderThread:1436 [sender.py:send_artifact():1458] sent artifact job-https___github.com_dmlcksghd_AI_Application_Practice.git_07.Olympic_f_ppo_train.py - {'id': 'QXJ0aWZhY3Q6NjQ0NjA1ODA1', 'state': 'COMMITTED', 'artifactSequence': {'id': 'QXJ0aWZhY3RDb2xsZWN0aW9uOjExNzQ3MDU0OA==', 'latestArtifact': {'id': 'QXJ0aWZhY3Q6NjQ0NjA1ODA1', 'versionIndex': 0}}}
2023-11-21 20:44:38,698 DEBUG   SenderThread:1436 [sender.py:send_request():407] send_request: defer
2023-11-21 20:44:38,698 INFO    SenderThread:1436 [sender.py:send_request_defer():609] handle sender defer: 9
2023-11-21 20:44:38,698 INFO    SenderThread:1436 [dir_watcher.py:finish():358] shutting down directory watcher
2023-11-21 20:44:39,104 INFO    SenderThread:1436 [dir_watcher.py:finish():388] scan: C:\Users\theho\git_AI_Application_Practice\07.Olympic\wandb\run-20231121_202714-3ys4f4pa\files
2023-11-21 20:44:39,104 INFO    SenderThread:1436 [dir_watcher.py:finish():402] scan save: C:\Users\theho\git_AI_Application_Practice\07.Olympic\wandb\run-20231121_202714-3ys4f4pa\files\conda-environment.yaml conda-environment.yaml
2023-11-21 20:44:39,105 INFO    SenderThread:1436 [dir_watcher.py:finish():402] scan save: C:\Users\theho\git_AI_Application_Practice\07.Olympic\wandb\run-20231121_202714-3ys4f4pa\files\config.yaml config.yaml
2023-11-21 20:44:39,108 INFO    SenderThread:1436 [dir_watcher.py:finish():402] scan save: C:\Users\theho\git_AI_Application_Practice\07.Olympic\wandb\run-20231121_202714-3ys4f4pa\files\output.log output.log
2023-11-21 20:44:39,111 INFO    SenderThread:1436 [dir_watcher.py:finish():402] scan save: C:\Users\theho\git_AI_Application_Practice\07.Olympic\wandb\run-20231121_202714-3ys4f4pa\files\requirements.txt requirements.txt
2023-11-21 20:44:39,113 INFO    SenderThread:1436 [dir_watcher.py:finish():402] scan save: C:\Users\theho\git_AI_Application_Practice\07.Olympic\wandb\run-20231121_202714-3ys4f4pa\files\wandb-metadata.json wandb-metadata.json
2023-11-21 20:44:39,115 INFO    SenderThread:1436 [dir_watcher.py:finish():402] scan save: C:\Users\theho\git_AI_Application_Practice\07.Olympic\wandb\run-20231121_202714-3ys4f4pa\files\wandb-summary.json wandb-summary.json
2023-11-21 20:44:39,120 INFO    SenderThread:1436 [sender.py:transition_state():613] send defer: 10
2023-11-21 20:44:39,120 DEBUG   SenderThread:1436 [sender.py:send_request():407] send_request: poll_exit
2023-11-21 20:44:39,122 DEBUG   HandlerThread:1436 [handler.py:handle_request():146] handle_request: defer
2023-11-21 20:44:39,125 INFO    HandlerThread:1436 [handler.py:handle_request_defer():172] handle defer: 10
2023-11-21 20:44:39,126 DEBUG   SenderThread:1436 [sender.py:send_request():407] send_request: defer
2023-11-21 20:44:39,126 INFO    SenderThread:1436 [sender.py:send_request_defer():609] handle sender defer: 10
2023-11-21 20:44:39,127 INFO    SenderThread:1436 [file_pusher.py:finish():175] shutting down file pusher
2023-11-21 20:44:40,138 DEBUG   HandlerThread:1436 [handler.py:handle_request():146] handle_request: status_report
2023-11-21 20:44:40,268 ERROR   wandb-upload_3:1436 [internal_api.py:execute():370] 404 response executing GraphQL.
2023-11-21 20:44:40,268 ERROR   wandb-upload_3:1436 [internal_api.py:execute():371] {"errors":[{"message":"run olympics-running/3ys4f4pa not found during createRunFiles","path":["createRunFiles"]}],"data":{"createRunFiles":null}}
2023-11-21 20:44:40,268 ERROR   Thread-15 (_thread_body):1436 [step_upload.py:_handle_event():200] Failed to upload file: C:\Users\theho\git_AI_Application_Practice\07.Olympic\wandb\run-20231121_202714-3ys4f4pa\files\requirements.txt
Traceback (most recent call last):
  File "C:\Users\theho\anaconda3\envs\AI_Lecture\lib\site-packages\wandb\sdk\lib\retry.py", line 131, in __call__
    result = self._call_fn(*args, **kwargs)
  File "C:\Users\theho\anaconda3\envs\AI_Lecture\lib\site-packages\wandb\sdk\internal\internal_api.py", line 366, in execute
    return self.client.execute(*args, **kwargs)  # type: ignore
  File "C:\Users\theho\anaconda3\envs\AI_Lecture\lib\site-packages\wandb\vendor\gql-0.2.0\wandb_gql\client.py", line 52, in execute
    result = self._get_result(document, *args, **kwargs)
  File "C:\Users\theho\anaconda3\envs\AI_Lecture\lib\site-packages\wandb\vendor\gql-0.2.0\wandb_gql\client.py", line 60, in _get_result
    return self.transport.execute(document, *args, **kwargs)
  File "C:\Users\theho\anaconda3\envs\AI_Lecture\lib\site-packages\wandb\sdk\lib\gql_request.py", line 59, in execute
    request.raise_for_status()
  File "C:\Users\theho\anaconda3\envs\AI_Lecture\lib\site-packages\requests\models.py", line 1021, in raise_for_status
    raise HTTPError(http_error_msg, response=self)
requests.exceptions.HTTPError: 404 Client Error: Not Found for url: https://api.wandb.ai/graphql

During handling of the above exception, another exception occurred:

Traceback (most recent call last):
  File "C:\Users\theho\anaconda3\envs\AI_Lecture\lib\concurrent\futures\thread.py", line 58, in run
    result = self.fn(*self.args, **self.kwargs)
  File "C:\Users\theho\anaconda3\envs\AI_Lecture\lib\site-packages\wandb\filesync\step_upload.py", line 288, in run_and_notify
    self._do_upload_sync(event)
  File "C:\Users\theho\anaconda3\envs\AI_Lecture\lib\site-packages\wandb\filesync\step_upload.py", line 330, in _do_upload_sync
    job.run()
  File "C:\Users\theho\anaconda3\envs\AI_Lecture\lib\site-packages\wandb\filesync\upload_job.py", line 57, in run
    self.push()
  File "C:\Users\theho\anaconda3\envs\AI_Lecture\lib\site-packages\wandb\filesync\upload_job.py", line 106, in push
    _, upload_headers, result = self._api.upload_urls(project, [self.save_name])
  File "C:\Users\theho\anaconda3\envs\AI_Lecture\lib\site-packages\wandb\apis\normalize.py", line 73, in wrapper
    raise err
  File "C:\Users\theho\anaconda3\envs\AI_Lecture\lib\site-packages\wandb\apis\normalize.py", line 41, in wrapper
    return func(*args, **kwargs)
  File "C:\Users\theho\anaconda3\envs\AI_Lecture\lib\site-packages\wandb\sdk\internal\internal_api.py", line 2176, in upload_urls
    query_result = self.gql(
  File "C:\Users\theho\anaconda3\envs\AI_Lecture\lib\site-packages\wandb\sdk\internal\internal_api.py", line 338, in gql
    ret = self._retry_gql(
  File "C:\Users\theho\anaconda3\envs\AI_Lecture\lib\site-packages\wandb\sdk\lib\retry.py", line 147, in __call__
    retry_timedelta_triggered = check_retry_fn(e)
  File "C:\Users\theho\anaconda3\envs\AI_Lecture\lib\site-packages\wandb\util.py", line 907, in no_retry_auth
    raise CommError(
wandb.errors.CommError: It appears that you do not have permission to access the requested resource. Please reach out to the project owner to grant you access. If you have the correct permissions, verify that there are no issues with your networking setup.(Error 404: Not Found)
2023-11-21 20:44:40,278 ERROR   wandb-upload_4:1436 [internal_api.py:execute():370] 404 response executing GraphQL.
2023-11-21 20:44:40,280 ERROR   wandb-upload_2:1436 [internal_api.py:execute():370] 404 response executing GraphQL.
2023-11-21 20:44:40,285 ERROR   wandb-upload_4:1436 [internal_api.py:execute():371] {"errors":[{"message":"run olympics-running/3ys4f4pa not found during createRunFiles","path":["createRunFiles"]}],"data":{"createRunFiles":null}}
2023-11-21 20:44:40,285 ERROR   wandb-upload_2:1436 [internal_api.py:execute():371] {"errors":[{"message":"run olympics-running/3ys4f4pa not found during createRunFiles","path":["createRunFiles"]}],"data":{"createRunFiles":null}}
2023-11-21 20:44:40,285 ERROR   Thread-15 (_thread_body):1436 [step_upload.py:_handle_event():200] Failed to upload file: C:\Users\theho\git_AI_Application_Practice\07.Olympic\wandb\run-20231121_202714-3ys4f4pa\files\wandb-summary.json
Traceback (most recent call last):
  File "C:\Users\theho\anaconda3\envs\AI_Lecture\lib\site-packages\wandb\sdk\lib\retry.py", line 131, in __call__
    result = self._call_fn(*args, **kwargs)
  File "C:\Users\theho\anaconda3\envs\AI_Lecture\lib\site-packages\wandb\sdk\internal\internal_api.py", line 366, in execute
    return self.client.execute(*args, **kwargs)  # type: ignore
  File "C:\Users\theho\anaconda3\envs\AI_Lecture\lib\site-packages\wandb\vendor\gql-0.2.0\wandb_gql\client.py", line 52, in execute
    result = self._get_result(document, *args, **kwargs)
  File "C:\Users\theho\anaconda3\envs\AI_Lecture\lib\site-packages\wandb\vendor\gql-0.2.0\wandb_gql\client.py", line 60, in _get_result
    return self.transport.execute(document, *args, **kwargs)
  File "C:\Users\theho\anaconda3\envs\AI_Lecture\lib\site-packages\wandb\sdk\lib\gql_request.py", line 59, in execute
    request.raise_for_status()
  File "C:\Users\theho\anaconda3\envs\AI_Lecture\lib\site-packages\requests\models.py", line 1021, in raise_for_status
    raise HTTPError(http_error_msg, response=self)
requests.exceptions.HTTPError: 404 Client Error: Not Found for url: https://api.wandb.ai/graphql

During handling of the above exception, another exception occurred:

Traceback (most recent call last):
  File "C:\Users\theho\anaconda3\envs\AI_Lecture\lib\concurrent\futures\thread.py", line 58, in run
    result = self.fn(*self.args, **self.kwargs)
  File "C:\Users\theho\anaconda3\envs\AI_Lecture\lib\site-packages\wandb\filesync\step_upload.py", line 288, in run_and_notify
    self._do_upload_sync(event)
  File "C:\Users\theho\anaconda3\envs\AI_Lecture\lib\site-packages\wandb\filesync\step_upload.py", line 330, in _do_upload_sync
    job.run()
  File "C:\Users\theho\anaconda3\envs\AI_Lecture\lib\site-packages\wandb\filesync\upload_job.py", line 57, in run
    self.push()
  File "C:\Users\theho\anaconda3\envs\AI_Lecture\lib\site-packages\wandb\filesync\upload_job.py", line 106, in push
    _, upload_headers, result = self._api.upload_urls(project, [self.save_name])
  File "C:\Users\theho\anaconda3\envs\AI_Lecture\lib\site-packages\wandb\apis\normalize.py", line 73, in wrapper
    raise err
  File "C:\Users\theho\anaconda3\envs\AI_Lecture\lib\site-packages\wandb\apis\normalize.py", line 41, in wrapper
    return func(*args, **kwargs)
  File "C:\Users\theho\anaconda3\envs\AI_Lecture\lib\site-packages\wandb\sdk\internal\internal_api.py", line 2176, in upload_urls
    query_result = self.gql(
  File "C:\Users\theho\anaconda3\envs\AI_Lecture\lib\site-packages\wandb\sdk\internal\internal_api.py", line 338, in gql
    ret = self._retry_gql(
  File "C:\Users\theho\anaconda3\envs\AI_Lecture\lib\site-packages\wandb\sdk\lib\retry.py", line 147, in __call__
    retry_timedelta_triggered = check_retry_fn(e)
  File "C:\Users\theho\anaconda3\envs\AI_Lecture\lib\site-packages\wandb\util.py", line 907, in no_retry_auth
    raise CommError(
wandb.errors.CommError: It appears that you do not have permission to access the requested resource. Please reach out to the project owner to grant you access. If you have the correct permissions, verify that there are no issues with your networking setup.(Error 404: Not Found)
2023-11-21 20:44:40,287 ERROR   Thread-15 (_thread_body):1436 [step_upload.py:_handle_event():200] Failed to upload file: C:\Users\theho\git_AI_Application_Practice\07.Olympic\wandb\run-20231121_202714-3ys4f4pa\files\output.log
Traceback (most recent call last):
  File "C:\Users\theho\anaconda3\envs\AI_Lecture\lib\site-packages\wandb\sdk\lib\retry.py", line 131, in __call__
    result = self._call_fn(*args, **kwargs)
  File "C:\Users\theho\anaconda3\envs\AI_Lecture\lib\site-packages\wandb\sdk\internal\internal_api.py", line 366, in execute
    return self.client.execute(*args, **kwargs)  # type: ignore
  File "C:\Users\theho\anaconda3\envs\AI_Lecture\lib\site-packages\wandb\vendor\gql-0.2.0\wandb_gql\client.py", line 52, in execute
    result = self._get_result(document, *args, **kwargs)
  File "C:\Users\theho\anaconda3\envs\AI_Lecture\lib\site-packages\wandb\vendor\gql-0.2.0\wandb_gql\client.py", line 60, in _get_result
    return self.transport.execute(document, *args, **kwargs)
  File "C:\Users\theho\anaconda3\envs\AI_Lecture\lib\site-packages\wandb\sdk\lib\gql_request.py", line 59, in execute
    request.raise_for_status()
  File "C:\Users\theho\anaconda3\envs\AI_Lecture\lib\site-packages\requests\models.py", line 1021, in raise_for_status
    raise HTTPError(http_error_msg, response=self)
requests.exceptions.HTTPError: 404 Client Error: Not Found for url: https://api.wandb.ai/graphql

During handling of the above exception, another exception occurred:

Traceback (most recent call last):
  File "C:\Users\theho\anaconda3\envs\AI_Lecture\lib\concurrent\futures\thread.py", line 58, in run
    result = self.fn(*self.args, **self.kwargs)
  File "C:\Users\theho\anaconda3\envs\AI_Lecture\lib\site-packages\wandb\filesync\step_upload.py", line 288, in run_and_notify
    self._do_upload_sync(event)
  File "C:\Users\theho\anaconda3\envs\AI_Lecture\lib\site-packages\wandb\filesync\step_upload.py", line 330, in _do_upload_sync
    job.run()
  File "C:\Users\theho\anaconda3\envs\AI_Lecture\lib\site-packages\wandb\filesync\upload_job.py", line 57, in run
    self.push()
  File "C:\Users\theho\anaconda3\envs\AI_Lecture\lib\site-packages\wandb\filesync\upload_job.py", line 106, in push
    _, upload_headers, result = self._api.upload_urls(project, [self.save_name])
  File "C:\Users\theho\anaconda3\envs\AI_Lecture\lib\site-packages\wandb\apis\normalize.py", line 73, in wrapper
    raise err
  File "C:\Users\theho\anaconda3\envs\AI_Lecture\lib\site-packages\wandb\apis\normalize.py", line 41, in wrapper
    return func(*args, **kwargs)
  File "C:\Users\theho\anaconda3\envs\AI_Lecture\lib\site-packages\wandb\sdk\internal\internal_api.py", line 2176, in upload_urls
    query_result = self.gql(
  File "C:\Users\theho\anaconda3\envs\AI_Lecture\lib\site-packages\wandb\sdk\internal\internal_api.py", line 338, in gql
    ret = self._retry_gql(
  File "C:\Users\theho\anaconda3\envs\AI_Lecture\lib\site-packages\wandb\sdk\lib\retry.py", line 147, in __call__
    retry_timedelta_triggered = check_retry_fn(e)
  File "C:\Users\theho\anaconda3\envs\AI_Lecture\lib\site-packages\wandb\util.py", line 907, in no_retry_auth
    raise CommError(
wandb.errors.CommError: It appears that you do not have permission to access the requested resource. Please reach out to the project owner to grant you access. If you have the correct permissions, verify that there are no issues with your networking setup.(Error 404: Not Found)
2023-11-21 20:44:40,422 ERROR   wandb-upload_1:1436 [internal_api.py:execute():370] 404 response executing GraphQL.
2023-11-21 20:44:40,423 ERROR   wandb-upload_1:1436 [internal_api.py:execute():371] {"errors":[{"message":"run olympics-running/3ys4f4pa not found during createRunFiles","path":["createRunFiles"]}],"data":{"createRunFiles":null}}
2023-11-21 20:44:40,423 ERROR   Thread-15 (_thread_body):1436 [step_upload.py:_handle_event():200] Failed to upload file: C:\Users\theho\git_AI_Application_Practice\07.Olympic\wandb\run-20231121_202714-3ys4f4pa\files\config.yaml
Traceback (most recent call last):
  File "C:\Users\theho\anaconda3\envs\AI_Lecture\lib\site-packages\wandb\sdk\lib\retry.py", line 131, in __call__
    result = self._call_fn(*args, **kwargs)
  File "C:\Users\theho\anaconda3\envs\AI_Lecture\lib\site-packages\wandb\sdk\internal\internal_api.py", line 366, in execute
    return self.client.execute(*args, **kwargs)  # type: ignore
  File "C:\Users\theho\anaconda3\envs\AI_Lecture\lib\site-packages\wandb\vendor\gql-0.2.0\wandb_gql\client.py", line 52, in execute
    result = self._get_result(document, *args, **kwargs)
  File "C:\Users\theho\anaconda3\envs\AI_Lecture\lib\site-packages\wandb\vendor\gql-0.2.0\wandb_gql\client.py", line 60, in _get_result
    return self.transport.execute(document, *args, **kwargs)
  File "C:\Users\theho\anaconda3\envs\AI_Lecture\lib\site-packages\wandb\sdk\lib\gql_request.py", line 59, in execute
    request.raise_for_status()
  File "C:\Users\theho\anaconda3\envs\AI_Lecture\lib\site-packages\requests\models.py", line 1021, in raise_for_status
    raise HTTPError(http_error_msg, response=self)
requests.exceptions.HTTPError: 404 Client Error: Not Found for url: https://api.wandb.ai/graphql

During handling of the above exception, another exception occurred:

Traceback (most recent call last):
  File "C:\Users\theho\anaconda3\envs\AI_Lecture\lib\concurrent\futures\thread.py", line 58, in run
    result = self.fn(*self.args, **self.kwargs)
  File "C:\Users\theho\anaconda3\envs\AI_Lecture\lib\site-packages\wandb\filesync\step_upload.py", line 288, in run_and_notify
    self._do_upload_sync(event)
  File "C:\Users\theho\anaconda3\envs\AI_Lecture\lib\site-packages\wandb\filesync\step_upload.py", line 330, in _do_upload_sync
    job.run()
  File "C:\Users\theho\anaconda3\envs\AI_Lecture\lib\site-packages\wandb\filesync\upload_job.py", line 57, in run
    self.push()
  File "C:\Users\theho\anaconda3\envs\AI_Lecture\lib\site-packages\wandb\filesync\upload_job.py", line 106, in push
    _, upload_headers, result = self._api.upload_urls(project, [self.save_name])
  File "C:\Users\theho\anaconda3\envs\AI_Lecture\lib\site-packages\wandb\apis\normalize.py", line 73, in wrapper
    raise err
  File "C:\Users\theho\anaconda3\envs\AI_Lecture\lib\site-packages\wandb\apis\normalize.py", line 41, in wrapper
    return func(*args, **kwargs)
  File "C:\Users\theho\anaconda3\envs\AI_Lecture\lib\site-packages\wandb\sdk\internal\internal_api.py", line 2176, in upload_urls
    query_result = self.gql(
  File "C:\Users\theho\anaconda3\envs\AI_Lecture\lib\site-packages\wandb\sdk\internal\internal_api.py", line 338, in gql
    ret = self._retry_gql(
  File "C:\Users\theho\anaconda3\envs\AI_Lecture\lib\site-packages\wandb\sdk\lib\retry.py", line 147, in __call__
    retry_timedelta_triggered = check_retry_fn(e)
  File "C:\Users\theho\anaconda3\envs\AI_Lecture\lib\site-packages\wandb\util.py", line 907, in no_retry_auth
    raise CommError(
wandb.errors.CommError: It appears that you do not have permission to access the requested resource. Please reach out to the project owner to grant you access. If you have the correct permissions, verify that there are no issues with your networking setup.(Error 404: Not Found)
2023-11-21 20:44:40,515 INFO    wandb-upload_0:1436 [upload_job.py:push():131] Uploaded file C:\Users\theho\git_AI_Application_Practice\07.Olympic\wandb\run-20231121_202714-3ys4f4pa\files\conda-environment.yaml
2023-11-21 20:44:40,723 INFO    Thread-15 (_thread_body):1436 [sender.py:transition_state():613] send defer: 11
2023-11-21 20:44:40,723 DEBUG   HandlerThread:1436 [handler.py:handle_request():146] handle_request: defer
2023-11-21 20:44:40,723 INFO    HandlerThread:1436 [handler.py:handle_request_defer():172] handle defer: 11
2023-11-21 20:44:40,724 DEBUG   SenderThread:1436 [sender.py:send_request():407] send_request: defer
2023-11-21 20:44:40,724 INFO    SenderThread:1436 [sender.py:send_request_defer():609] handle sender defer: 11
2023-11-21 20:44:40,724 INFO    SenderThread:1436 [file_pusher.py:join():181] waiting for file pusher
2023-11-21 20:44:40,724 INFO    SenderThread:1436 [sender.py:transition_state():613] send defer: 12
2023-11-21 20:44:40,724 DEBUG   HandlerThread:1436 [handler.py:handle_request():146] handle_request: defer
2023-11-21 20:44:40,724 INFO    HandlerThread:1436 [handler.py:handle_request_defer():172] handle defer: 12
2023-11-21 20:44:40,724 DEBUG   SenderThread:1436 [sender.py:send_request():407] send_request: defer
2023-11-21 20:44:40,725 INFO    SenderThread:1436 [sender.py:send_request_defer():609] handle sender defer: 12
2023-11-21 20:44:40,725 INFO    SenderThread:1436 [file_stream.py:finish():595] file stream finish called
2023-11-21 20:44:40,919 ERROR   FileStreamThread:1436 [file_stream.py:_handle_response():504] dropped chunk 404 Client Error: Not Found for url: https://api.wandb.ai/files/honguc/olympics-running/3ys4f4pa/file_stream
NoneType: None
2023-11-21 20:44:41,302 INFO    SenderThread:1436 [file_stream.py:finish():599] file stream finish is done
2023-11-21 20:44:41,302 INFO    SenderThread:1436 [sender.py:transition_state():613] send defer: 13
2023-11-21 20:44:41,303 DEBUG   HandlerThread:1436 [handler.py:handle_request():146] handle_request: defer
2023-11-21 20:44:41,303 INFO    HandlerThread:1436 [handler.py:handle_request_defer():172] handle defer: 13
2023-11-21 20:44:41,303 DEBUG   SenderThread:1436 [sender.py:send_request():407] send_request: defer
2023-11-21 20:44:41,303 INFO    SenderThread:1436 [sender.py:send_request_defer():609] handle sender defer: 13
2023-11-21 20:44:41,303 INFO    SenderThread:1436 [sender.py:transition_state():613] send defer: 14
2023-11-21 20:44:41,304 DEBUG   HandlerThread:1436 [handler.py:handle_request():146] handle_request: defer
2023-11-21 20:44:41,304 DEBUG   SenderThread:1436 [sender.py:send():380] send: final
2023-11-21 20:44:41,304 INFO    HandlerThread:1436 [handler.py:handle_request_defer():172] handle defer: 14
2023-11-21 20:44:41,304 DEBUG   SenderThread:1436 [sender.py:send():380] send: footer
2023-11-21 20:44:41,305 DEBUG   SenderThread:1436 [sender.py:send_request():407] send_request: defer
2023-11-21 20:44:41,305 INFO    SenderThread:1436 [sender.py:send_request_defer():609] handle sender defer: 14
2023-11-21 20:44:41,306 DEBUG   HandlerThread:1436 [handler.py:handle_request():146] handle_request: poll_exit
2023-11-21 20:44:41,306 DEBUG   HandlerThread:1436 [handler.py:handle_request():146] handle_request: server_info
2023-11-21 20:44:41,306 DEBUG   HandlerThread:1436 [handler.py:handle_request():146] handle_request: get_summary
2023-11-21 20:44:41,306 DEBUG   SenderThread:1436 [sender.py:send_request():407] send_request: poll_exit
2023-11-21 20:44:41,307 DEBUG   HandlerThread:1436 [handler.py:handle_request():146] handle_request: sampled_history
2023-11-21 20:44:41,307 DEBUG   SenderThread:1436 [sender.py:send_request():407] send_request: server_info
2023-11-21 20:44:41,308 DEBUG   HandlerThread:1436 [handler.py:handle_request():146] handle_request: internal_messages
2023-11-21 20:44:41,311 DEBUG   HandlerThread:1436 [handler.py:handle_request():146] handle_request: job_info
2023-11-21 20:44:41,506 DEBUG   SenderThread:1436 [sender.py:send_request():407] send_request: job_info
2023-11-21 20:44:41,506 INFO    MainThread:1436 [wandb_run.py:_footer_history_summary_info():3760] rendering history
2023-11-21 20:44:41,507 INFO    MainThread:1436 [wandb_run.py:_footer_history_summary_info():3792] rendering summary
2023-11-21 20:44:41,507 INFO    MainThread:1436 [wandb_run.py:_footer_sync_info():3719] logging synced files
2023-11-21 20:44:41,507 DEBUG   HandlerThread:1436 [handler.py:handle_request():146] handle_request: shutdown
2023-11-21 20:44:41,508 INFO    HandlerThread:1436 [handler.py:finish():866] shutting down handler
2023-11-21 20:44:42,313 INFO    WriterThread:1436 [datastore.py:close():294] close: C:\Users\theho\git_AI_Application_Practice\07.Olympic\wandb\run-20231121_202714-3ys4f4pa\run-3ys4f4pa.wandb
2023-11-21 20:44:42,535 INFO    SenderThread:1436 [sender.py:finish():1536] shutting down sender
2023-11-21 20:44:42,536 INFO    SenderThread:1436 [file_pusher.py:finish():175] shutting down file pusher
2023-11-21 20:44:42,536 INFO    SenderThread:1436 [file_pusher.py:join():181] waiting for file pusher
